{"/home/user/.reson/agents/ad58c959-5da4-4069-b564-8a415b1b6ae4/volt-os/packages/model-router/src/index.ts": {"path":"/home/user/.reson/agents/ad58c959-5da4-4069-b564-8a415b1b6ae4/volt-os/packages/model-router/src/index.ts","all":false,"statementMap":{"0":{"start":{"line":1,"column":0},"end":{"line":1,"column":3}}},"s":{"0":1},"branchMap":{},"b":{},"fnMap":{},"f":{}}
,"/home/user/.reson/agents/ad58c959-5da4-4069-b564-8a415b1b6ae4/volt-os/packages/model-router/src/metrics.ts": {"path":"/home/user/.reson/agents/ad58c959-5da4-4069-b564-8a415b1b6ae4/volt-os/packages/model-router/src/metrics.ts","all":false,"statementMap":{"0":{"start":{"line":1,"column":0},"end":{"line":1,"column":3}},"7":{"start":{"line":8,"column":0},"end":{"line":8,"column":62}},"23":{"start":{"line":24,"column":0},"end":{"line":24,"column":28}},"24":{"start":{"line":25,"column":0},"end":{"line":25,"column":71}},"25":{"start":{"line":26,"column":0},"end":{"line":26,"column":58}},"26":{"start":{"line":27,"column":0},"end":{"line":27,"column":28}},"27":{"start":{"line":28,"column":0},"end":{"line":28,"column":29}},"28":{"start":{"line":29,"column":0},"end":{"line":29,"column":26}},"33":{"start":{"line":34,"column":0},"end":{"line":34,"column":16}},"34":{"start":{"line":35,"column":0},"end":{"line":35,"column":23}},"35":{"start":{"line":36,"column":0},"end":{"line":36,"column":22}},"36":{"start":{"line":37,"column":0},"end":{"line":37,"column":19}},"37":{"start":{"line":38,"column":0},"end":{"line":38,"column":20}},"38":{"start":{"line":39,"column":0},"end":{"line":39,"column":11}},"39":{"start":{"line":40,"column":0},"end":{"line":40,"column":25}},"41":{"start":{"line":42,"column":0},"end":{"line":42,"column":62}},"42":{"start":{"line":43,"column":0},"end":{"line":43,"column":18}},"43":{"start":{"line":44,"column":0},"end":{"line":44,"column":24}},"44":{"start":{"line":45,"column":0},"end":{"line":45,"column":21}},"45":{"start":{"line":46,"column":0},"end":{"line":46,"column":22}},"46":{"start":{"line":47,"column":0},"end":{"line":47,"column":16}},"47":{"start":{"line":48,"column":0},"end":{"line":48,"column":6}},"49":{"start":{"line":50,"column":0},"end":{"line":50,"column":24}},"50":{"start":{"line":51,"column":0},"end":{"line":51,"column":41}},"51":{"start":{"line":52,"column":0},"end":{"line":52,"column":35}},"52":{"start":{"line":53,"column":0},"end":{"line":53,"column":37}},"54":{"start":{"line":55,"column":0},"end":{"line":55,"column":51}},"56":{"start":{"line":57,"column":0},"end":{"line":57,"column":17}},"57":{"start":{"line":58,"column":0},"end":{"line":58,"column":49}},"58":{"start":{"line":59,"column":0},"end":{"line":59,"column":25}},"59":{"start":{"line":60,"column":0},"end":{"line":60,"column":6}},"60":{"start":{"line":61,"column":0},"end":{"line":61,"column":3}},"65":{"start":{"line":66,"column":0},"end":{"line":66,"column":66}},"66":{"start":{"line":67,"column":0},"end":{"line":67,"column":26}},"68":{"start":{"line":69,"column":0},"end":{"line":69,"column":47}},"69":{"start":{"line":70,"column":0},"end":{"line":70,"column":60}},"70":{"start":{"line":71,"column":0},"end":{"line":71,"column":6}},"72":{"start":{"line":73,"column":0},"end":{"line":73,"column":19}},"73":{"start":{"line":74,"column":0},"end":{"line":74,"column":23}},"74":{"start":{"line":75,"column":0},"end":{"line":75,"column":12}},"75":{"start":{"line":76,"column":0},"end":{"line":76,"column":33}},"76":{"start":{"line":77,"column":0},"end":{"line":77,"column":27}},"77":{"start":{"line":78,"column":0},"end":{"line":78,"column":23}},"78":{"start":{"line":79,"column":0},"end":{"line":79,"column":17}},"79":{"start":{"line":80,"column":0},"end":{"line":80,"column":9}},"80":{"start":{"line":81,"column":0},"end":{"line":81,"column":5}},"82":{"start":{"line":83,"column":0},"end":{"line":83,"column":77}},"83":{"start":{"line":84,"column":0},"end":{"line":84,"column":3}},"88":{"start":{"line":89,"column":0},"end":{"line":89,"column":56}},"89":{"start":{"line":90,"column":0},"end":{"line":90,"column":23}},"91":{"start":{"line":92,"column":0},"end":{"line":92,"column":62}},"92":{"start":{"line":93,"column":0},"end":{"line":93,"column":18}},"93":{"start":{"line":94,"column":0},"end":{"line":94,"column":24}},"94":{"start":{"line":95,"column":0},"end":{"line":95,"column":21}},"95":{"start":{"line":96,"column":0},"end":{"line":96,"column":22}},"96":{"start":{"line":97,"column":0},"end":{"line":97,"column":16}},"97":{"start":{"line":98,"column":0},"end":{"line":98,"column":6}},"99":{"start":{"line":100,"column":0},"end":{"line":100,"column":22}},"100":{"start":{"line":101,"column":0},"end":{"line":101,"column":51}},"102":{"start":{"line":103,"column":0},"end":{"line":103,"column":57}},"103":{"start":{"line":104,"column":0},"end":{"line":104,"column":3}},"108":{"start":{"line":109,"column":0},"end":{"line":109,"column":40}},"109":{"start":{"line":110,"column":0},"end":{"line":110,"column":45}},"110":{"start":{"line":111,"column":0},"end":{"line":111,"column":43}},"111":{"start":{"line":112,"column":0},"end":{"line":112,"column":45}},"112":{"start":{"line":113,"column":0},"end":{"line":113,"column":39}},"113":{"start":{"line":114,"column":0},"end":{"line":114,"column":6}},"115":{"start":{"line":116,"column":0},"end":{"line":116,"column":60}},"116":{"start":{"line":117,"column":0},"end":{"line":117,"column":56}},"117":{"start":{"line":118,"column":0},"end":{"line":118,"column":69}},"118":{"start":{"line":119,"column":0},"end":{"line":119,"column":46}},"119":{"start":{"line":120,"column":0},"end":{"line":120,"column":68}},"120":{"start":{"line":121,"column":0},"end":{"line":121,"column":57}},"121":{"start":{"line":122,"column":0},"end":{"line":122,"column":56}},"122":{"start":{"line":123,"column":0},"end":{"line":123,"column":52}},"123":{"start":{"line":124,"column":0},"end":{"line":124,"column":5}},"125":{"start":{"line":126,"column":0},"end":{"line":126,"column":48}},"126":{"start":{"line":127,"column":0},"end":{"line":127,"column":70}},"127":{"start":{"line":128,"column":0},"end":{"line":128,"column":5}},"129":{"start":{"line":130,"column":0},"end":{"line":130,"column":19}},"130":{"start":{"line":131,"column":0},"end":{"line":131,"column":3}},"135":{"start":{"line":136,"column":0},"end":{"line":136,"column":21}},"136":{"start":{"line":137,"column":0},"end":{"line":137,"column":23}},"137":{"start":{"line":138,"column":0},"end":{"line":138,"column":33}},"138":{"start":{"line":139,"column":0},"end":{"line":139,"column":48}},"139":{"start":{"line":140,"column":0},"end":{"line":140,"column":3}},"144":{"start":{"line":145,"column":0},"end":{"line":145,"column":42}},"145":{"start":{"line":146,"column":0},"end":{"line":146,"column":37}},"146":{"start":{"line":147,"column":0},"end":{"line":147,"column":3}},"151":{"start":{"line":152,"column":0},"end":{"line":152,"column":17}},"152":{"start":{"line":153,"column":0},"end":{"line":153,"column":33}},"153":{"start":{"line":154,"column":0},"end":{"line":154,"column":36}},"154":{"start":{"line":155,"column":0},"end":{"line":155,"column":27}},"155":{"start":{"line":156,"column":0},"end":{"line":156,"column":28}},"156":{"start":{"line":157,"column":0},"end":{"line":157,"column":25}},"157":{"start":{"line":158,"column":0},"end":{"line":158,"column":33}},"158":{"start":{"line":159,"column":0},"end":{"line":159,"column":3}},"159":{"start":{"line":160,"column":0},"end":{"line":160,"column":1}}},"s":{"0":1,"7":1,"23":1,"24":29,"25":29,"26":29,"27":29,"28":29,"33":29,"34":21,"35":21,"36":21,"37":21,"38":21,"39":21,"41":21,"42":15,"43":15,"44":15,"45":15,"46":15,"47":15,"49":21,"50":21,"51":21,"52":21,"54":21,"56":21,"57":21,"58":21,"59":21,"60":21,"65":29,"66":7,"68":7,"69":7,"70":7,"72":7,"73":1,"74":7,"75":6,"76":6,"77":6,"78":6,"79":6,"80":6,"82":7,"83":7,"88":29,"89":3,"91":3,"92":2,"93":2,"94":2,"95":2,"96":2,"97":2,"99":3,"100":3,"102":3,"103":3,"108":29,"109":9,"110":9,"111":9,"112":9,"113":9,"115":9,"116":7,"117":7,"118":7,"119":7,"120":7,"121":7,"122":7,"123":7,"125":9,"126":3,"127":3,"129":9,"130":9,"135":29,"136":2,"137":2,"138":2,"139":2,"144":29,"145":1,"146":1,"151":29,"152":1,"153":1,"154":1,"155":1,"156":1,"157":1,"158":1,"159":29},"branchMap":{"0":{"type":"branch","line":24,"loc":{"start":{"line":24,"column":7},"end":{"line":160,"column":1}},"locations":[{"start":{"line":24,"column":7},"end":{"line":160,"column":1}}]},"1":{"type":"branch","line":34,"loc":{"start":{"line":34,"column":2},"end":{"line":61,"column":3}},"locations":[{"start":{"line":34,"column":2},"end":{"line":61,"column":3}}]},"2":{"type":"branch","line":42,"loc":{"start":{"line":42,"column":56},"end":{"line":48,"column":6}},"locations":[{"start":{"line":42,"column":56},"end":{"line":48,"column":6}}]},"3":{"type":"branch","line":66,"loc":{"start":{"line":66,"column":2},"end":{"line":84,"column":3}},"locations":[{"start":{"line":66,"column":2},"end":{"line":84,"column":3}}]},"4":{"type":"branch","line":73,"loc":{"start":{"line":73,"column":18},"end":{"line":75,"column":11}},"locations":[{"start":{"line":73,"column":18},"end":{"line":75,"column":11}}]},"5":{"type":"branch","line":75,"loc":{"start":{"line":75,"column":4},"end":{"line":81,"column":5}},"locations":[{"start":{"line":75,"column":4},"end":{"line":81,"column":5}}]},"6":{"type":"branch","line":70,"loc":{"start":{"line":70,"column":6},"end":{"line":70,"column":60}},"locations":[{"start":{"line":70,"column":6},"end":{"line":70,"column":60}}]},"7":{"type":"branch","line":70,"loc":{"start":{"line":70,"column":24},"end":{"line":70,"column":60}},"locations":[{"start":{"line":70,"column":24},"end":{"line":70,"column":60}}]},"8":{"type":"branch","line":89,"loc":{"start":{"line":89,"column":2},"end":{"line":104,"column":3}},"locations":[{"start":{"line":89,"column":2},"end":{"line":104,"column":3}}]},"9":{"type":"branch","line":92,"loc":{"start":{"line":92,"column":56},"end":{"line":98,"column":6}},"locations":[{"start":{"line":92,"column":56},"end":{"line":98,"column":6}}]},"10":{"type":"branch","line":109,"loc":{"start":{"line":109,"column":2},"end":{"line":131,"column":3}},"locations":[{"start":{"line":109,"column":2},"end":{"line":131,"column":3}}]},"11":{"type":"branch","line":116,"loc":{"start":{"line":116,"column":59},"end":{"line":124,"column":5}},"locations":[{"start":{"line":116,"column":59},"end":{"line":124,"column":5}}]},"12":{"type":"branch","line":120,"loc":{"start":{"line":120,"column":24},"end":{"line":120,"column":66}},"locations":[{"start":{"line":120,"column":24},"end":{"line":120,"column":66}}]},"13":{"type":"branch","line":120,"loc":{"start":{"line":120,"column":55},"end":{"line":120,"column":68}},"locations":[{"start":{"line":120,"column":55},"end":{"line":120,"column":68}}]},"14":{"type":"branch","line":126,"loc":{"start":{"line":126,"column":47},"end":{"line":128,"column":5}},"locations":[{"start":{"line":126,"column":47},"end":{"line":128,"column":5}}]},"15":{"type":"branch","line":136,"loc":{"start":{"line":136,"column":2},"end":{"line":140,"column":3}},"locations":[{"start":{"line":136,"column":2},"end":{"line":140,"column":3}}]},"16":{"type":"branch","line":145,"loc":{"start":{"line":145,"column":2},"end":{"line":147,"column":3}},"locations":[{"start":{"line":145,"column":2},"end":{"line":147,"column":3}}]},"17":{"type":"branch","line":152,"loc":{"start":{"line":152,"column":2},"end":{"line":159,"column":3}},"locations":[{"start":{"line":152,"column":2},"end":{"line":159,"column":3}}]}},"b":{"0":[29],"1":[21],"2":[15],"3":[7],"4":[1],"5":[6],"6":[3],"7":[1],"8":[3],"9":[2],"10":[9],"11":[7],"12":[6],"13":[1],"14":[3],"15":[2],"16":[1],"17":[1]},"fnMap":{"0":{"name":"<instance_members_initializer>","decl":{"start":{"line":24,"column":7},"end":{"line":160,"column":1}},"loc":{"start":{"line":24,"column":7},"end":{"line":160,"column":1}},"line":24},"1":{"name":"recordRequest","decl":{"start":{"line":34,"column":2},"end":{"line":61,"column":3}},"loc":{"start":{"line":34,"column":2},"end":{"line":61,"column":3}},"line":34},"2":{"name":"recordFailover","decl":{"start":{"line":66,"column":2},"end":{"line":84,"column":3}},"loc":{"start":{"line":66,"column":2},"end":{"line":84,"column":3}},"line":66},"3":{"name":"recordError","decl":{"start":{"line":89,"column":2},"end":{"line":104,"column":3}},"loc":{"start":{"line":89,"column":2},"end":{"line":104,"column":3}},"line":89},"4":{"name":"getMetrics","decl":{"start":{"line":109,"column":2},"end":{"line":131,"column":3}},"loc":{"start":{"line":109,"column":2},"end":{"line":131,"column":3}},"line":109},"5":{"name":"getProviderMetrics","decl":{"start":{"line":136,"column":2},"end":{"line":140,"column":3}},"loc":{"start":{"line":136,"column":2},"end":{"line":140,"column":3}},"line":136},"6":{"name":"getFailoverRecords","decl":{"start":{"line":145,"column":2},"end":{"line":147,"column":3}},"loc":{"start":{"line":145,"column":2},"end":{"line":147,"column":3}},"line":145},"7":{"name":"reset","decl":{"start":{"line":152,"column":2},"end":{"line":159,"column":3}},"loc":{"start":{"line":152,"column":2},"end":{"line":159,"column":3}},"line":152}},"f":{"0":29,"1":21,"2":7,"3":3,"4":9,"5":2,"6":1,"7":1}}
,"/home/user/.reson/agents/ad58c959-5da4-4069-b564-8a415b1b6ae4/volt-os/packages/model-router/src/types.ts": {"path":"/home/user/.reson/agents/ad58c959-5da4-4069-b564-8a415b1b6ae4/volt-os/packages/model-router/src/types.ts","all":false,"statementMap":{"148":{"start":{"line":149,"column":0},"end":{"line":149,"column":34}},"149":{"start":{"line":150,"column":0},"end":{"line":150,"column":48}},"150":{"start":{"line":151,"column":0},"end":{"line":151,"column":54}},"151":{"start":{"line":152,"column":0},"end":{"line":152,"column":48}},"152":{"start":{"line":153,"column":0},"end":{"line":153,"column":56}},"153":{"start":{"line":154,"column":0},"end":{"line":154,"column":56}},"154":{"start":{"line":155,"column":0},"end":{"line":155,"column":52}},"155":{"start":{"line":156,"column":0},"end":{"line":156,"column":50}},"156":{"start":{"line":157,"column":0},"end":{"line":157,"column":44}},"157":{"start":{"line":158,"column":0},"end":{"line":158,"column":52}},"158":{"start":{"line":159,"column":0},"end":{"line":159,"column":11}}},"s":{"148":1,"149":1,"150":1,"151":1,"152":1,"153":1,"154":1,"155":1,"156":1,"157":1,"158":1},"branchMap":{},"b":{},"fnMap":{},"f":{}}
,"/home/user/.reson/agents/ad58c959-5da4-4069-b564-8a415b1b6ae4/volt-os/packages/model-router/src/budget/budget.ts": {"path":"/home/user/.reson/agents/ad58c959-5da4-4069-b564-8a415b1b6ae4/volt-os/packages/model-router/src/budget/budget.ts","all":false,"statementMap":{"0":{"start":{"line":1,"column":0},"end":{"line":1,"column":3}},"9":{"start":{"line":10,"column":0},"end":{"line":10,"column":61}},"19":{"start":{"line":20,"column":0},"end":{"line":20,"column":28}},"20":{"start":{"line":21,"column":0},"end":{"line":21,"column":40}},"21":{"start":{"line":22,"column":0},"end":{"line":22,"column":28}},"23":{"start":{"line":24,"column":0},"end":{"line":24,"column":37}},"24":{"start":{"line":25,"column":0},"end":{"line":25,"column":25}},"25":{"start":{"line":26,"column":0},"end":{"line":26,"column":41}},"26":{"start":{"line":27,"column":0},"end":{"line":27,"column":3}},"32":{"start":{"line":33,"column":0},"end":{"line":33,"column":14}},"33":{"start":{"line":34,"column":0},"end":{"line":34,"column":26}},"34":{"start":{"line":35,"column":0},"end":{"line":35,"column":29}},"35":{"start":{"line":36,"column":0},"end":{"line":36,"column":44}},"37":{"start":{"line":38,"column":0},"end":{"line":38,"column":27}},"40":{"start":{"line":41,"column":0},"end":{"line":41,"column":54}},"42":{"start":{"line":43,"column":0},"end":{"line":43,"column":56}},"43":{"start":{"line":44,"column":0},"end":{"line":44,"column":83}},"44":{"start":{"line":45,"column":0},"end":{"line":45,"column":58}},"45":{"start":{"line":46,"column":0},"end":{"line":46,"column":129}},"46":{"start":{"line":47,"column":0},"end":{"line":47,"column":80}},"47":{"start":{"line":48,"column":0},"end":{"line":48,"column":42}},"48":{"start":{"line":49,"column":0},"end":{"line":49,"column":7}},"49":{"start":{"line":50,"column":0},"end":{"line":50,"column":5}},"52":{"start":{"line":53,"column":0},"end":{"line":53,"column":50}},"53":{"start":{"line":54,"column":0},"end":{"line":54,"column":60}},"54":{"start":{"line":55,"column":0},"end":{"line":55,"column":118}},"55":{"start":{"line":56,"column":0},"end":{"line":56,"column":80}},"56":{"start":{"line":57,"column":0},"end":{"line":57,"column":42}},"57":{"start":{"line":58,"column":0},"end":{"line":58,"column":7}},"58":{"start":{"line":59,"column":0},"end":{"line":59,"column":5}},"61":{"start":{"line":62,"column":0},"end":{"line":62,"column":52}},"62":{"start":{"line":63,"column":0},"end":{"line":63,"column":61}},"63":{"start":{"line":64,"column":0},"end":{"line":64,"column":108}},"64":{"start":{"line":65,"column":0},"end":{"line":65,"column":80}},"65":{"start":{"line":66,"column":0},"end":{"line":66,"column":42}},"66":{"start":{"line":67,"column":0},"end":{"line":67,"column":7}},"67":{"start":{"line":68,"column":0},"end":{"line":68,"column":5}},"69":{"start":{"line":70,"column":0},"end":{"line":70,"column":29}},"70":{"start":{"line":71,"column":0},"end":{"line":71,"column":3}},"75":{"start":{"line":76,"column":0},"end":{"line":76,"column":54}},"76":{"start":{"line":77,"column":0},"end":{"line":77,"column":27}},"78":{"start":{"line":79,"column":0},"end":{"line":79,"column":34}},"79":{"start":{"line":80,"column":0},"end":{"line":80,"column":32}},"80":{"start":{"line":81,"column":0},"end":{"line":81,"column":30}},"82":{"start":{"line":83,"column":0},"end":{"line":83,"column":16}},"83":{"start":{"line":84,"column":0},"end":{"line":84,"column":7}},"84":{"start":{"line":85,"column":0},"end":{"line":85,"column":36}},"85":{"start":{"line":86,"column":0},"end":{"line":86,"column":15}},"86":{"start":{"line":87,"column":0},"end":{"line":87,"column":49}},"87":{"start":{"line":88,"column":0},"end":{"line":88,"column":39}},"88":{"start":{"line":89,"column":0},"end":{"line":89,"column":8}},"89":{"start":{"line":90,"column":0},"end":{"line":90,"column":23}},"90":{"start":{"line":91,"column":0},"end":{"line":91,"column":6}},"91":{"start":{"line":92,"column":0},"end":{"line":92,"column":3}},"96":{"start":{"line":97,"column":0},"end":{"line":97,"column":32}},"97":{"start":{"line":98,"column":0},"end":{"line":98,"column":27}},"98":{"start":{"line":99,"column":0},"end":{"line":99,"column":12}},"99":{"start":{"line":100,"column":0},"end":{"line":100,"column":34}},"100":{"start":{"line":101,"column":0},"end":{"line":101,"column":32}},"101":{"start":{"line":102,"column":0},"end":{"line":102,"column":44}},"102":{"start":{"line":103,"column":0},"end":{"line":103,"column":6}},"103":{"start":{"line":104,"column":0},"end":{"line":104,"column":3}},"108":{"start":{"line":109,"column":0},"end":{"line":109,"column":22}},"109":{"start":{"line":110,"column":0},"end":{"line":110,"column":41}},"110":{"start":{"line":111,"column":0},"end":{"line":111,"column":47}},"111":{"start":{"line":112,"column":0},"end":{"line":112,"column":3}},"116":{"start":{"line":117,"column":0},"end":{"line":117,"column":55}},"117":{"start":{"line":118,"column":0},"end":{"line":118,"column":27}},"118":{"start":{"line":119,"column":0},"end":{"line":119,"column":12}},"119":{"start":{"line":120,"column":0},"end":{"line":120,"column":14}},"120":{"start":{"line":121,"column":0},"end":{"line":121,"column":47}},"121":{"start":{"line":122,"column":0},"end":{"line":122,"column":71}},"122":{"start":{"line":123,"column":0},"end":{"line":123,"column":21}},"123":{"start":{"line":124,"column":0},"end":{"line":124,"column":13}},"124":{"start":{"line":125,"column":0},"end":{"line":125,"column":49}},"125":{"start":{"line":126,"column":0},"end":{"line":126,"column":72}},"126":{"start":{"line":127,"column":0},"end":{"line":127,"column":21}},"127":{"start":{"line":128,"column":0},"end":{"line":128,"column":6}},"128":{"start":{"line":129,"column":0},"end":{"line":129,"column":3}},"133":{"start":{"line":134,"column":0},"end":{"line":134,"column":29}},"134":{"start":{"line":135,"column":0},"end":{"line":135,"column":30}},"135":{"start":{"line":136,"column":0},"end":{"line":136,"column":3}},"138":{"start":{"line":139,"column":0},"end":{"line":139,"column":35}},"139":{"start":{"line":140,"column":0},"end":{"line":140,"column":37}},"140":{"start":{"line":141,"column":0},"end":{"line":141,"column":36}},"141":{"start":{"line":142,"column":0},"end":{"line":142,"column":43}},"142":{"start":{"line":143,"column":0},"end":{"line":143,"column":5}},"143":{"start":{"line":144,"column":0},"end":{"line":144,"column":3}},"145":{"start":{"line":146,"column":0},"end":{"line":146,"column":42}},"146":{"start":{"line":147,"column":0},"end":{"line":147,"column":12}},"147":{"start":{"line":148,"column":0},"end":{"line":148,"column":17}},"148":{"start":{"line":149,"column":0},"end":{"line":149,"column":16}},"149":{"start":{"line":150,"column":0},"end":{"line":150,"column":22}},"150":{"start":{"line":151,"column":0},"end":{"line":151,"column":31}},"151":{"start":{"line":152,"column":0},"end":{"line":152,"column":6}},"152":{"start":{"line":153,"column":0},"end":{"line":153,"column":3}},"154":{"start":{"line":155,"column":0},"end":{"line":155,"column":33}},"155":{"start":{"line":156,"column":0},"end":{"line":156,"column":49}},"156":{"start":{"line":157,"column":0},"end":{"line":157,"column":3}},"157":{"start":{"line":158,"column":0},"end":{"line":158,"column":1}}},"s":{"0":1,"9":1,"19":1,"20":19,"21":19,"23":19,"24":19,"25":19,"26":19,"32":19,"33":8,"34":8,"35":8,"37":8,"40":8,"42":1,"43":1,"44":1,"45":1,"46":1,"47":1,"48":1,"49":1,"52":8,"53":3,"54":1,"55":1,"56":1,"57":1,"58":3,"61":8,"62":3,"63":1,"64":1,"65":1,"66":1,"67":3,"69":5,"70":8,"75":19,"76":13,"78":13,"79":13,"80":13,"82":13,"83":13,"84":13,"85":13,"86":13,"87":13,"88":13,"89":13,"90":13,"91":13,"96":19,"97":5,"98":5,"99":5,"100":5,"101":5,"102":5,"103":5,"108":19,"109":1,"110":1,"111":1,"116":19,"117":5,"118":5,"119":5,"120":5,"121":3,"122":2,"123":5,"124":5,"125":2,"126":3,"127":5,"128":5,"133":19,"134":1,"135":1,"138":19,"139":31,"140":31,"141":1,"142":1,"143":31,"145":19,"146":21,"147":21,"148":21,"149":21,"150":21,"151":21,"152":21,"154":19,"155":52,"156":52,"157":19},"branchMap":{"0":{"type":"branch","line":20,"loc":{"start":{"line":20,"column":7},"end":{"line":158,"column":1}},"locations":[{"start":{"line":20,"column":7},"end":{"line":158,"column":1}}]},"1":{"type":"branch","line":24,"loc":{"start":{"line":24,"column":2},"end":{"line":27,"column":3}},"locations":[{"start":{"line":24,"column":2},"end":{"line":27,"column":3}}]},"2":{"type":"branch","line":33,"loc":{"start":{"line":33,"column":2},"end":{"line":71,"column":3}},"locations":[{"start":{"line":33,"column":2},"end":{"line":71,"column":3}}]},"3":{"type":"branch","line":41,"loc":{"start":{"line":41,"column":53},"end":{"line":50,"column":5}},"locations":[{"start":{"line":41,"column":53},"end":{"line":50,"column":5}}]},"4":{"type":"branch","line":43,"loc":{"start":{"line":43,"column":38},"end":{"line":43,"column":56}},"locations":[{"start":{"line":43,"column":38},"end":{"line":43,"column":56}}]},"5":{"type":"branch","line":50,"loc":{"start":{"line":50,"column":4},"end":{"line":53,"column":49}},"locations":[{"start":{"line":50,"column":4},"end":{"line":53,"column":49}}]},"6":{"type":"branch","line":53,"loc":{"start":{"line":53,"column":49},"end":{"line":59,"column":5}},"locations":[{"start":{"line":53,"column":49},"end":{"line":59,"column":5}}]},"7":{"type":"branch","line":54,"loc":{"start":{"line":54,"column":59},"end":{"line":58,"column":7}},"locations":[{"start":{"line":54,"column":59},"end":{"line":58,"column":7}}]},"8":{"type":"branch","line":59,"loc":{"start":{"line":59,"column":4},"end":{"line":62,"column":51}},"locations":[{"start":{"line":59,"column":4},"end":{"line":62,"column":51}}]},"9":{"type":"branch","line":62,"loc":{"start":{"line":62,"column":51},"end":{"line":68,"column":5}},"locations":[{"start":{"line":62,"column":51},"end":{"line":68,"column":5}}]},"10":{"type":"branch","line":63,"loc":{"start":{"line":63,"column":60},"end":{"line":67,"column":7}},"locations":[{"start":{"line":63,"column":60},"end":{"line":67,"column":7}}]},"11":{"type":"branch","line":68,"loc":{"start":{"line":68,"column":4},"end":{"line":70,"column":29}},"locations":[{"start":{"line":68,"column":4},"end":{"line":70,"column":29}}]},"12":{"type":"branch","line":76,"loc":{"start":{"line":76,"column":2},"end":{"line":92,"column":3}},"locations":[{"start":{"line":76,"column":2},"end":{"line":92,"column":3}}]},"13":{"type":"branch","line":97,"loc":{"start":{"line":97,"column":2},"end":{"line":104,"column":3}},"locations":[{"start":{"line":97,"column":2},"end":{"line":104,"column":3}}]},"14":{"type":"branch","line":109,"loc":{"start":{"line":109,"column":2},"end":{"line":112,"column":3}},"locations":[{"start":{"line":109,"column":2},"end":{"line":112,"column":3}}]},"15":{"type":"branch","line":117,"loc":{"start":{"line":117,"column":2},"end":{"line":129,"column":3}},"locations":[{"start":{"line":117,"column":2},"end":{"line":129,"column":3}}]},"16":{"type":"branch","line":121,"loc":{"start":{"line":121,"column":38},"end":{"line":122,"column":71}},"locations":[{"start":{"line":121,"column":38},"end":{"line":122,"column":71}}]},"17":{"type":"branch","line":122,"loc":{"start":{"line":122,"column":70},"end":{"line":123,"column":21}},"locations":[{"start":{"line":122,"column":70},"end":{"line":123,"column":21}}]},"18":{"type":"branch","line":125,"loc":{"start":{"line":125,"column":40},"end":{"line":126,"column":72}},"locations":[{"start":{"line":125,"column":40},"end":{"line":126,"column":72}}]},"19":{"type":"branch","line":126,"loc":{"start":{"line":126,"column":71},"end":{"line":127,"column":21}},"locations":[{"start":{"line":126,"column":71},"end":{"line":127,"column":21}}]},"20":{"type":"branch","line":134,"loc":{"start":{"line":134,"column":2},"end":{"line":136,"column":3}},"locations":[{"start":{"line":134,"column":2},"end":{"line":136,"column":3}}]},"21":{"type":"branch","line":139,"loc":{"start":{"line":139,"column":10},"end":{"line":144,"column":3}},"locations":[{"start":{"line":139,"column":10},"end":{"line":144,"column":3}}]},"22":{"type":"branch","line":141,"loc":{"start":{"line":141,"column":35},"end":{"line":143,"column":5}},"locations":[{"start":{"line":141,"column":35},"end":{"line":143,"column":5}}]},"23":{"type":"branch","line":146,"loc":{"start":{"line":146,"column":10},"end":{"line":153,"column":3}},"locations":[{"start":{"line":146,"column":10},"end":{"line":153,"column":3}}]},"24":{"type":"branch","line":155,"loc":{"start":{"line":155,"column":10},"end":{"line":157,"column":3}},"locations":[{"start":{"line":155,"column":10},"end":{"line":157,"column":3}}]}},"b":{"0":[19],"1":[19],"2":[8],"3":[1],"4":[0],"5":[7],"6":[3],"7":[1],"8":[6],"9":[3],"10":[1],"11":[5],"12":[13],"13":[5],"14":[1],"15":[5],"16":[3],"17":[2],"18":[2],"19":[3],"20":[1],"21":[31],"22":[1],"23":[21],"24":[52]},"fnMap":{"0":{"name":"<instance_members_initializer>","decl":{"start":{"line":20,"column":7},"end":{"line":158,"column":1}},"loc":{"start":{"line":20,"column":7},"end":{"line":158,"column":1}},"line":20},"1":{"name":"BudgetManager","decl":{"start":{"line":24,"column":2},"end":{"line":27,"column":3}},"loc":{"start":{"line":24,"column":2},"end":{"line":27,"column":3}},"line":24},"2":{"name":"checkBudget","decl":{"start":{"line":33,"column":2},"end":{"line":71,"column":3}},"loc":{"start":{"line":33,"column":2},"end":{"line":71,"column":3}},"line":33},"3":{"name":"recordUsage","decl":{"start":{"line":76,"column":2},"end":{"line":92,"column":3}},"loc":{"start":{"line":76,"column":2},"end":{"line":92,"column":3}},"line":76},"4":{"name":"getDailyUsage","decl":{"start":{"line":97,"column":2},"end":{"line":104,"column":3}},"loc":{"start":{"line":97,"column":2},"end":{"line":104,"column":3}},"line":97},"5":{"name":"resetDaily","decl":{"start":{"line":109,"column":2},"end":{"line":112,"column":3}},"loc":{"start":{"line":109,"column":2},"end":{"line":112,"column":3}},"line":109},"6":{"name":"getRemaining","decl":{"start":{"line":117,"column":2},"end":{"line":129,"column":3}},"loc":{"start":{"line":117,"column":2},"end":{"line":129,"column":3}},"line":117},"7":{"name":"getConfig","decl":{"start":{"line":134,"column":2},"end":{"line":136,"column":3}},"loc":{"start":{"line":134,"column":2},"end":{"line":136,"column":3}},"line":134},"8":{"name":"refreshIfNewDay","decl":{"start":{"line":139,"column":10},"end":{"line":144,"column":3}},"loc":{"start":{"line":139,"column":10},"end":{"line":144,"column":3}},"line":139},"9":{"name":"createFreshDaily","decl":{"start":{"line":146,"column":10},"end":{"line":153,"column":3}},"loc":{"start":{"line":146,"column":10},"end":{"line":153,"column":3}},"line":146},"10":{"name":"todayString","decl":{"start":{"line":155,"column":10},"end":{"line":157,"column":3}},"loc":{"start":{"line":155,"column":10},"end":{"line":157,"column":3}},"line":155}},"f":{"0":19,"1":19,"2":8,"3":13,"4":5,"5":1,"6":5,"7":1,"8":31,"9":21,"10":52}}
,"/home/user/.reson/agents/ad58c959-5da4-4069-b564-8a415b1b6ae4/volt-os/packages/model-router/src/providers/anthropic.ts": {"path":"/home/user/.reson/agents/ad58c959-5da4-4069-b564-8a415b1b6ae4/volt-os/packages/model-router/src/providers/anthropic.ts","all":false,"statementMap":{"0":{"start":{"line":1,"column":0},"end":{"line":1,"column":3}},"16":{"start":{"line":17,"column":0},"end":{"line":17,"column":64}},"49":{"start":{"line":50,"column":0},"end":{"line":50,"column":58}},"50":{"start":{"line":51,"column":0},"end":{"line":51,"column":22}},"51":{"start":{"line":52,"column":0},"end":{"line":52,"column":49}},"52":{"start":{"line":53,"column":0},"end":{"line":53,"column":47}},"53":{"start":{"line":54,"column":0},"end":{"line":54,"column":34}},"54":{"start":{"line":55,"column":0},"end":{"line":55,"column":29}},"55":{"start":{"line":56,"column":0},"end":{"line":56,"column":27}},"57":{"start":{"line":58,"column":0},"end":{"line":58,"column":44}},"58":{"start":{"line":59,"column":0},"end":{"line":59,"column":25}},"59":{"start":{"line":60,"column":0},"end":{"line":60,"column":24}},"60":{"start":{"line":61,"column":0},"end":{"line":61,"column":3}},"63":{"start":{"line":64,"column":0},"end":{"line":64,"column":55}},"64":{"start":{"line":65,"column":0},"end":{"line":65,"column":42}},"65":{"start":{"line":66,"column":0},"end":{"line":66,"column":70}},"66":{"start":{"line":67,"column":0},"end":{"line":67,"column":5}},"68":{"start":{"line":69,"column":0},"end":{"line":69,"column":66}},"69":{"start":{"line":70,"column":0},"end":{"line":70,"column":50}},"70":{"start":{"line":71,"column":0},"end":{"line":71,"column":71}},"71":{"start":{"line":72,"column":0},"end":{"line":72,"column":8}},"72":{"start":{"line":73,"column":0},"end":{"line":73,"column":33}},"73":{"start":{"line":74,"column":0},"end":{"line":74,"column":5}},"75":{"start":{"line":76,"column":0},"end":{"line":76,"column":36}},"76":{"start":{"line":77,"column":0},"end":{"line":77,"column":3}},"79":{"start":{"line":80,"column":0},"end":{"line":80,"column":25}},"80":{"start":{"line":81,"column":0},"end":{"line":81,"column":26}},"81":{"start":{"line":82,"column":0},"end":{"line":82,"column":56}},"82":{"start":{"line":83,"column":0},"end":{"line":83,"column":35}},"83":{"start":{"line":84,"column":0},"end":{"line":84,"column":44}},"85":{"start":{"line":86,"column":0},"end":{"line":86,"column":39}},"86":{"start":{"line":87,"column":0},"end":{"line":87,"column":32}},"88":{"start":{"line":89,"column":0},"end":{"line":89,"column":66}},"89":{"start":{"line":90,"column":0},"end":{"line":90,"column":14}},"90":{"start":{"line":91,"column":0},"end":{"line":91,"column":60}},"91":{"start":{"line":92,"column":0},"end":{"line":92,"column":7}},"92":{"start":{"line":93,"column":0},"end":{"line":93,"column":5}},"94":{"start":{"line":95,"column":0},"end":{"line":95,"column":32}},"95":{"start":{"line":96,"column":0},"end":{"line":96,"column":3}},"97":{"start":{"line":98,"column":0},"end":{"line":98,"column":61}},"98":{"start":{"line":99,"column":0},"end":{"line":99,"column":45}},"99":{"start":{"line":100,"column":0},"end":{"line":100,"column":74}},"101":{"start":{"line":102,"column":0},"end":{"line":102,"column":62}},"103":{"start":{"line":104,"column":0},"end":{"line":104,"column":40}},"104":{"start":{"line":105,"column":0},"end":{"line":105,"column":12}},"105":{"start":{"line":106,"column":0},"end":{"line":106,"column":44}},"106":{"start":{"line":107,"column":0},"end":{"line":107,"column":15}},"107":{"start":{"line":108,"column":0},"end":{"line":108,"column":20}},"108":{"start":{"line":109,"column":0},"end":{"line":109,"column":6}},"110":{"start":{"line":111,"column":0},"end":{"line":111,"column":37}},"111":{"start":{"line":112,"column":0},"end":{"line":112,"column":82}},"113":{"start":{"line":114,"column":0},"end":{"line":114,"column":36}},"115":{"start":{"line":116,"column":0},"end":{"line":116,"column":57}},"116":{"start":{"line":117,"column":0},"end":{"line":117,"column":21}},"117":{"start":{"line":118,"column":0},"end":{"line":118,"column":16}},"118":{"start":{"line":119,"column":0},"end":{"line":119,"column":43}},"119":{"start":{"line":120,"column":0},"end":{"line":120,"column":46}},"120":{"start":{"line":121,"column":0},"end":{"line":121,"column":42}},"121":{"start":{"line":122,"column":0},"end":{"line":122,"column":8}},"122":{"start":{"line":123,"column":0},"end":{"line":123,"column":33}},"123":{"start":{"line":124,"column":0},"end":{"line":124,"column":7}},"125":{"start":{"line":126,"column":0},"end":{"line":126,"column":23}},"126":{"start":{"line":127,"column":0},"end":{"line":127,"column":33}},"127":{"start":{"line":128,"column":0},"end":{"line":128,"column":46}},"128":{"start":{"line":129,"column":0},"end":{"line":129,"column":19}},"129":{"start":{"line":130,"column":0},"end":{"line":130,"column":74}},"130":{"start":{"line":131,"column":0},"end":{"line":131,"column":30}},"131":{"start":{"line":132,"column":0},"end":{"line":132,"column":8}},"132":{"start":{"line":133,"column":0},"end":{"line":133,"column":22}},"133":{"start":{"line":134,"column":0},"end":{"line":134,"column":63}},"134":{"start":{"line":135,"column":0},"end":{"line":135,"column":8}},"135":{"start":{"line":136,"column":0},"end":{"line":136,"column":5}},"137":{"start":{"line":138,"column":0},"end":{"line":138,"column":79}},"138":{"start":{"line":139,"column":0},"end":{"line":139,"column":48}},"140":{"start":{"line":141,"column":0},"end":{"line":141,"column":33}},"141":{"start":{"line":142,"column":0},"end":{"line":142,"column":37}},"142":{"start":{"line":143,"column":0},"end":{"line":143,"column":24}},"144":{"start":{"line":145,"column":0},"end":{"line":145,"column":48}},"145":{"start":{"line":146,"column":0},"end":{"line":146,"column":50}},"147":{"start":{"line":148,"column":0},"end":{"line":148,"column":71}},"148":{"start":{"line":149,"column":0},"end":{"line":149,"column":61}},"149":{"start":{"line":150,"column":0},"end":{"line":150,"column":63}},"150":{"start":{"line":151,"column":0},"end":{"line":151,"column":19}},"151":{"start":{"line":152,"column":0},"end":{"line":152,"column":64}},"154":{"start":{"line":155,"column":0},"end":{"line":155,"column":32}},"155":{"start":{"line":156,"column":0},"end":{"line":156,"column":39}},"156":{"start":{"line":157,"column":0},"end":{"line":157,"column":25}},"157":{"start":{"line":158,"column":0},"end":{"line":158,"column":16}},"159":{"start":{"line":160,"column":0},"end":{"line":160,"column":12}},"160":{"start":{"line":161,"column":0},"end":{"line":161,"column":23}},"161":{"start":{"line":162,"column":0},"end":{"line":162,"column":28}},"162":{"start":{"line":163,"column":0},"end":{"line":163,"column":14}},"163":{"start":{"line":164,"column":0},"end":{"line":164,"column":24}},"164":{"start":{"line":165,"column":0},"end":{"line":165,"column":24}},"165":{"start":{"line":166,"column":0},"end":{"line":166,"column":14}},"166":{"start":{"line":167,"column":0},"end":{"line":167,"column":34}},"167":{"start":{"line":168,"column":0},"end":{"line":168,"column":39}},"168":{"start":{"line":169,"column":0},"end":{"line":169,"column":48}},"169":{"start":{"line":170,"column":0},"end":{"line":170,"column":8}},"170":{"start":{"line":171,"column":0},"end":{"line":171,"column":16}},"171":{"start":{"line":172,"column":0},"end":{"line":172,"column":14}},"172":{"start":{"line":173,"column":0},"end":{"line":173,"column":6}},"173":{"start":{"line":174,"column":0},"end":{"line":174,"column":3}},"175":{"start":{"line":176,"column":0},"end":{"line":176,"column":48}},"176":{"start":{"line":177,"column":0},"end":{"line":177,"column":44}},"177":{"start":{"line":178,"column":0},"end":{"line":178,"column":36}},"178":{"start":{"line":179,"column":0},"end":{"line":179,"column":19}},"179":{"start":{"line":180,"column":0},"end":{"line":180,"column":38}},"180":{"start":{"line":181,"column":0},"end":{"line":181,"column":22}},"181":{"start":{"line":182,"column":0},"end":{"line":182,"column":24}},"183":{"start":{"line":184,"column":0},"end":{"line":184,"column":12}},"184":{"start":{"line":185,"column":0},"end":{"line":185,"column":26}},"185":{"start":{"line":186,"column":0},"end":{"line":186,"column":13}},"186":{"start":{"line":187,"column":0},"end":{"line":187,"column":28}},"187":{"start":{"line":188,"column":0},"end":{"line":188,"column":52}},"188":{"start":{"line":189,"column":0},"end":{"line":189,"column":23}},"189":{"start":{"line":190,"column":0},"end":{"line":190,"column":76}},"190":{"start":{"line":191,"column":0},"end":{"line":191,"column":6}},"191":{"start":{"line":192,"column":0},"end":{"line":192,"column":3}},"193":{"start":{"line":194,"column":0},"end":{"line":194,"column":45}},"194":{"start":{"line":195,"column":0},"end":{"line":195,"column":43}},"195":{"start":{"line":196,"column":0},"end":{"line":196,"column":54}},"196":{"start":{"line":197,"column":0},"end":{"line":197,"column":80}},"198":{"start":{"line":199,"column":0},"end":{"line":199,"column":41}},"199":{"start":{"line":200,"column":0},"end":{"line":200,"column":69}},"200":{"start":{"line":201,"column":0},"end":{"line":201,"column":6}},"201":{"start":{"line":202,"column":0},"end":{"line":202,"column":3}},"202":{"start":{"line":203,"column":0},"end":{"line":203,"column":1}}},"s":{"0":1,"16":1,"49":1,"50":11,"51":11,"52":11,"53":11,"54":11,"55":11,"57":11,"58":11,"59":11,"60":11,"63":11,"64":8,"65":0,"66":0,"68":8,"69":1,"70":1,"71":1,"72":1,"73":1,"75":7,"76":8,"79":11,"80":8,"81":8,"82":8,"83":8,"85":8,"86":11,"88":3,"89":11,"90":8,"91":8,"92":11,"94":8,"95":8,"97":11,"98":8,"99":8,"101":8,"103":8,"104":8,"105":8,"106":8,"107":8,"108":8,"110":8,"111":8,"113":8,"115":8,"116":8,"117":8,"118":8,"119":8,"120":8,"121":8,"122":8,"123":8,"125":8,"126":1,"127":1,"128":1,"129":1,"130":1,"131":1,"132":1,"133":1,"134":1,"135":1,"137":7,"138":7,"140":7,"141":7,"142":7,"144":7,"145":7,"147":7,"148":8,"149":8,"150":8,"151":8,"154":8,"155":8,"156":8,"157":8,"159":8,"160":8,"161":8,"162":8,"163":8,"164":8,"165":8,"166":8,"167":8,"168":8,"169":8,"170":8,"171":8,"172":8,"173":8,"175":11,"176":3,"177":3,"178":2,"179":1,"180":1,"181":0,"183":3,"184":3,"185":3,"186":3,"187":3,"188":3,"189":3,"190":3,"191":3,"193":11,"194":0,"195":0,"196":0,"198":0,"199":0,"200":0,"201":0,"202":11},"branchMap":{"0":{"type":"branch","line":50,"loc":{"start":{"line":50,"column":7},"end":{"line":203,"column":1}},"locations":[{"start":{"line":50,"column":7},"end":{"line":203,"column":1}}]},"1":{"type":"branch","line":58,"loc":{"start":{"line":58,"column":2},"end":{"line":61,"column":3}},"locations":[{"start":{"line":58,"column":2},"end":{"line":61,"column":3}}]},"2":{"type":"branch","line":64,"loc":{"start":{"line":64,"column":10},"end":{"line":77,"column":3}},"locations":[{"start":{"line":64,"column":10},"end":{"line":77,"column":3}}]},"3":{"type":"branch","line":65,"loc":{"start":{"line":65,"column":41},"end":{"line":67,"column":5}},"locations":[{"start":{"line":65,"column":41},"end":{"line":67,"column":5}}]},"4":{"type":"branch","line":69,"loc":{"start":{"line":69,"column":16},"end":{"line":69,"column":65}},"locations":[{"start":{"line":69,"column":16},"end":{"line":69,"column":65}}]},"5":{"type":"branch","line":69,"loc":{"start":{"line":69,"column":65},"end":{"line":74,"column":5}},"locations":[{"start":{"line":69,"column":65},"end":{"line":74,"column":5}}]},"6":{"type":"branch","line":74,"loc":{"start":{"line":74,"column":4},"end":{"line":76,"column":36}},"locations":[{"start":{"line":74,"column":4},"end":{"line":76,"column":36}}]},"7":{"type":"branch","line":70,"loc":{"start":{"line":70,"column":44},"end":{"line":71,"column":71}},"locations":[{"start":{"line":70,"column":44},"end":{"line":71,"column":71}}]},"8":{"type":"branch","line":71,"loc":{"start":{"line":71,"column":36},"end":{"line":71,"column":69}},"locations":[{"start":{"line":71,"column":36},"end":{"line":71,"column":69}}]},"9":{"type":"branch","line":80,"loc":{"start":{"line":80,"column":10},"end":{"line":96,"column":3}},"locations":[{"start":{"line":80,"column":10},"end":{"line":96,"column":3}}]},"10":{"type":"branch","line":86,"loc":{"start":{"line":86,"column":38},"end":{"line":93,"column":5}},"locations":[{"start":{"line":86,"column":38},"end":{"line":93,"column":5}}]},"11":{"type":"branch","line":87,"loc":{"start":{"line":87,"column":31},"end":{"line":90,"column":13}},"locations":[{"start":{"line":87,"column":31},"end":{"line":90,"column":13}}]},"12":{"type":"branch","line":89,"loc":{"start":{"line":89,"column":17},"end":{"line":89,"column":56}},"locations":[{"start":{"line":89,"column":17},"end":{"line":89,"column":56}}]},"13":{"type":"branch","line":89,"loc":{"start":{"line":89,"column":51},"end":{"line":89,"column":66}},"locations":[{"start":{"line":89,"column":51},"end":{"line":89,"column":66}}]},"14":{"type":"branch","line":90,"loc":{"start":{"line":90,"column":6},"end":{"line":92,"column":7}},"locations":[{"start":{"line":90,"column":6},"end":{"line":92,"column":7}}]},"15":{"type":"branch","line":98,"loc":{"start":{"line":98,"column":2},"end":{"line":174,"column":3}},"locations":[{"start":{"line":98,"column":2},"end":{"line":174,"column":3}}]},"16":{"type":"branch","line":100,"loc":{"start":{"line":100,"column":32},"end":{"line":100,"column":74}},"locations":[{"start":{"line":100,"column":32},"end":{"line":100,"column":74}}]},"17":{"type":"branch","line":111,"loc":{"start":{"line":111,"column":16},"end":{"line":111,"column":37}},"locations":[{"start":{"line":111,"column":16},"end":{"line":111,"column":37}}]},"18":{"type":"branch","line":112,"loc":{"start":{"line":112,"column":43},"end":{"line":112,"column":82}},"locations":[{"start":{"line":112,"column":43},"end":{"line":112,"column":82}}]},"19":{"type":"branch","line":120,"loc":{"start":{"line":120,"column":33},"end":{"line":120,"column":46}},"locations":[{"start":{"line":120,"column":33},"end":{"line":120,"column":46}}]},"20":{"type":"branch","line":126,"loc":{"start":{"line":126,"column":22},"end":{"line":136,"column":5}},"locations":[{"start":{"line":126,"column":22},"end":{"line":136,"column":5}}]},"21":{"type":"branch","line":136,"loc":{"start":{"line":136,"column":4},"end":{"line":149,"column":59}},"locations":[{"start":{"line":136,"column":4},"end":{"line":149,"column":59}}]},"22":{"type":"branch","line":149,"loc":{"start":{"line":149,"column":38},"end":{"line":149,"column":61}},"locations":[{"start":{"line":149,"column":38},"end":{"line":149,"column":61}}]},"23":{"type":"branch","line":150,"loc":{"start":{"line":150,"column":26},"end":{"line":150,"column":61}},"locations":[{"start":{"line":150,"column":26},"end":{"line":150,"column":61}}]},"24":{"type":"branch","line":150,"loc":{"start":{"line":150,"column":39},"end":{"line":150,"column":63}},"locations":[{"start":{"line":150,"column":39},"end":{"line":150,"column":63}}]},"25":{"type":"branch","line":148,"loc":{"start":{"line":148,"column":48},"end":{"line":148,"column":69}},"locations":[{"start":{"line":148,"column":48},"end":{"line":148,"column":69}}]},"26":{"type":"branch","line":156,"loc":{"start":{"line":156,"column":14},"end":{"line":156,"column":38}},"locations":[{"start":{"line":156,"column":14},"end":{"line":156,"column":38}}]},"27":{"type":"branch","line":157,"loc":{"start":{"line":157,"column":11},"end":{"line":157,"column":24}},"locations":[{"start":{"line":157,"column":11},"end":{"line":157,"column":24}}]},"28":{"type":"branch","line":176,"loc":{"start":{"line":176,"column":2},"end":{"line":192,"column":3}},"locations":[{"start":{"line":176,"column":2},"end":{"line":192,"column":3}}]},"29":{"type":"branch","line":178,"loc":{"start":{"line":178,"column":35},"end":{"line":179,"column":19}},"locations":[{"start":{"line":178,"column":35},"end":{"line":179,"column":19}}]},"30":{"type":"branch","line":179,"loc":{"start":{"line":179,"column":10},"end":{"line":182,"column":24}},"locations":[{"start":{"line":179,"column":10},"end":{"line":182,"column":24}}]},"31":{"type":"branch","line":181,"loc":{"start":{"line":181,"column":12},"end":{"line":182,"column":24}},"locations":[{"start":{"line":181,"column":12},"end":{"line":182,"column":24}}]},"32":{"type":"branch","line":190,"loc":{"start":{"line":190,"column":28},"end":{"line":190,"column":74}},"locations":[{"start":{"line":190,"column":28},"end":{"line":190,"column":74}}]},"33":{"type":"branch","line":190,"loc":{"start":{"line":190,"column":59},"end":{"line":190,"column":76}},"locations":[{"start":{"line":190,"column":59},"end":{"line":190,"column":76}}]}},"b":{"0":[11],"1":[11],"2":[8],"3":[0],"4":[1],"5":[1],"6":[7],"7":[1],"8":[1],"9":[8],"10":[11],"11":[3],"12":[1],"13":[2],"14":[8],"15":[8],"16":[7],"17":[2],"18":[1],"19":[0],"20":[1],"21":[7],"22":[0],"23":[7],"24":[0],"25":[7],"26":[7],"27":[7],"28":[3],"29":[2],"30":[1],"31":[0],"32":[1],"33":[2]},"fnMap":{"0":{"name":"<instance_members_initializer>","decl":{"start":{"line":50,"column":7},"end":{"line":203,"column":1}},"loc":{"start":{"line":50,"column":7},"end":{"line":203,"column":1}},"line":50},"1":{"name":"AnthropicProvider","decl":{"start":{"line":58,"column":2},"end":{"line":61,"column":3}},"loc":{"start":{"line":58,"column":2},"end":{"line":61,"column":3}},"line":58},"2":{"name":"resolveModel","decl":{"start":{"line":64,"column":10},"end":{"line":77,"column":3}},"loc":{"start":{"line":64,"column":10},"end":{"line":77,"column":3}},"line":64},"3":{"name":"formatMessages","decl":{"start":{"line":80,"column":10},"end":{"line":96,"column":3}},"loc":{"start":{"line":80,"column":10},"end":{"line":96,"column":3}},"line":80},"4":{"name":"send","decl":{"start":{"line":98,"column":2},"end":{"line":174,"column":3}},"loc":{"start":{"line":98,"column":2},"end":{"line":174,"column":3}},"line":98},"5":{"name":"healthCheck","decl":{"start":{"line":176,"column":2},"end":{"line":192,"column":3}},"loc":{"start":{"line":176,"column":2},"end":{"line":192,"column":3}},"line":176},"6":{"name":"canHandle","decl":{"start":{"line":194,"column":2},"end":{"line":202,"column":3}},"loc":{"start":{"line":194,"column":2},"end":{"line":202,"column":3}},"line":194}},"f":{"0":11,"1":11,"2":8,"3":8,"4":8,"5":3,"6":0}}
,"/home/user/.reson/agents/ad58c959-5da4-4069-b564-8a415b1b6ae4/volt-os/packages/model-router/src/providers/custom.ts": {"path":"/home/user/.reson/agents/ad58c959-5da4-4069-b564-8a415b1b6ae4/volt-os/packages/model-router/src/providers/custom.ts","all":false,"statementMap":{"0":{"start":{"line":1,"column":0},"end":{"line":1,"column":3}},"16":{"start":{"line":17,"column":0},"end":{"line":17,"column":61}},"45":{"start":{"line":46,"column":0},"end":{"line":46,"column":55}},"46":{"start":{"line":47,"column":0},"end":{"line":47,"column":22}},"47":{"start":{"line":48,"column":0},"end":{"line":48,"column":35}},"48":{"start":{"line":49,"column":0},"end":{"line":49,"column":69}},"49":{"start":{"line":50,"column":0},"end":{"line":50,"column":34}},"50":{"start":{"line":51,"column":0},"end":{"line":51,"column":29}},"51":{"start":{"line":52,"column":0},"end":{"line":52,"column":27}},"53":{"start":{"line":54,"column":0},"end":{"line":54,"column":66}},"54":{"start":{"line":55,"column":0},"end":{"line":55,"column":25}},"55":{"start":{"line":56,"column":0},"end":{"line":56,"column":24}},"56":{"start":{"line":57,"column":0},"end":{"line":57,"column":28}},"57":{"start":{"line":58,"column":0},"end":{"line":58,"column":3}},"60":{"start":{"line":61,"column":0},"end":{"line":61,"column":55}},"61":{"start":{"line":62,"column":0},"end":{"line":62,"column":42}},"62":{"start":{"line":63,"column":0},"end":{"line":63,"column":70}},"63":{"start":{"line":64,"column":0},"end":{"line":64,"column":5}},"65":{"start":{"line":66,"column":0},"end":{"line":66,"column":66}},"66":{"start":{"line":67,"column":0},"end":{"line":67,"column":50}},"67":{"start":{"line":68,"column":0},"end":{"line":68,"column":71}},"68":{"start":{"line":69,"column":0},"end":{"line":69,"column":8}},"69":{"start":{"line":70,"column":0},"end":{"line":70,"column":33}},"70":{"start":{"line":71,"column":0},"end":{"line":71,"column":5}},"72":{"start":{"line":73,"column":0},"end":{"line":73,"column":36}},"73":{"start":{"line":74,"column":0},"end":{"line":74,"column":3}},"75":{"start":{"line":76,"column":0},"end":{"line":76,"column":61}},"76":{"start":{"line":77,"column":0},"end":{"line":77,"column":45}},"77":{"start":{"line":78,"column":0},"end":{"line":78,"column":59}},"79":{"start":{"line":80,"column":0},"end":{"line":80,"column":35}},"80":{"start":{"line":81,"column":0},"end":{"line":81,"column":12}},"81":{"start":{"line":82,"column":0},"end":{"line":82,"column":46}},"82":{"start":{"line":83,"column":0},"end":{"line":83,"column":21}},"83":{"start":{"line":84,"column":0},"end":{"line":84,"column":27}},"84":{"start":{"line":85,"column":0},"end":{"line":85,"column":10}},"85":{"start":{"line":86,"column":0},"end":{"line":86,"column":20}},"86":{"start":{"line":87,"column":0},"end":{"line":87,"column":6}},"88":{"start":{"line":89,"column":0},"end":{"line":89,"column":77}},"89":{"start":{"line":90,"column":0},"end":{"line":90,"column":82}},"91":{"start":{"line":92,"column":0},"end":{"line":92,"column":36}},"93":{"start":{"line":94,"column":0},"end":{"line":94,"column":45}},"94":{"start":{"line":95,"column":0},"end":{"line":95,"column":41}},"95":{"start":{"line":96,"column":0},"end":{"line":96,"column":6}},"97":{"start":{"line":98,"column":0},"end":{"line":98,"column":29}},"98":{"start":{"line":99,"column":0},"end":{"line":99,"column":64}},"99":{"start":{"line":100,"column":0},"end":{"line":100,"column":5}},"101":{"start":{"line":102,"column":0},"end":{"line":102,"column":65}},"102":{"start":{"line":103,"column":0},"end":{"line":103,"column":21}},"103":{"start":{"line":104,"column":0},"end":{"line":104,"column":14}},"104":{"start":{"line":105,"column":0},"end":{"line":105,"column":33}},"105":{"start":{"line":106,"column":0},"end":{"line":106,"column":7}},"107":{"start":{"line":108,"column":0},"end":{"line":108,"column":23}},"108":{"start":{"line":109,"column":0},"end":{"line":109,"column":33}},"109":{"start":{"line":110,"column":0},"end":{"line":110,"column":46}},"110":{"start":{"line":111,"column":0},"end":{"line":111,"column":19}},"111":{"start":{"line":112,"column":0},"end":{"line":112,"column":74}},"112":{"start":{"line":113,"column":0},"end":{"line":113,"column":36}},"113":{"start":{"line":114,"column":0},"end":{"line":114,"column":8}},"114":{"start":{"line":115,"column":0},"end":{"line":115,"column":22}},"115":{"start":{"line":116,"column":0},"end":{"line":116,"column":76}},"116":{"start":{"line":117,"column":0},"end":{"line":117,"column":8}},"117":{"start":{"line":118,"column":0},"end":{"line":118,"column":5}},"119":{"start":{"line":120,"column":0},"end":{"line":120,"column":83}},"120":{"start":{"line":121,"column":0},"end":{"line":121,"column":48}},"122":{"start":{"line":123,"column":0},"end":{"line":123,"column":33}},"123":{"start":{"line":124,"column":0},"end":{"line":124,"column":37}},"124":{"start":{"line":125,"column":0},"end":{"line":125,"column":24}},"126":{"start":{"line":127,"column":0},"end":{"line":127,"column":56}},"127":{"start":{"line":128,"column":0},"end":{"line":128,"column":64}},"129":{"start":{"line":130,"column":0},"end":{"line":130,"column":71}},"130":{"start":{"line":131,"column":0},"end":{"line":131,"column":61}},"131":{"start":{"line":132,"column":0},"end":{"line":132,"column":63}},"132":{"start":{"line":133,"column":0},"end":{"line":133,"column":19}},"133":{"start":{"line":134,"column":0},"end":{"line":134,"column":69}},"135":{"start":{"line":136,"column":0},"end":{"line":136,"column":60}},"137":{"start":{"line":138,"column":0},"end":{"line":138,"column":12}},"138":{"start":{"line":139,"column":0},"end":{"line":139,"column":23}},"139":{"start":{"line":140,"column":0},"end":{"line":140,"column":28}},"140":{"start":{"line":141,"column":0},"end":{"line":141,"column":14}},"141":{"start":{"line":142,"column":0},"end":{"line":142,"column":24}},"142":{"start":{"line":143,"column":0},"end":{"line":143,"column":24}},"143":{"start":{"line":144,"column":0},"end":{"line":144,"column":14}},"144":{"start":{"line":145,"column":0},"end":{"line":145,"column":21}},"145":{"start":{"line":146,"column":0},"end":{"line":146,"column":25}},"146":{"start":{"line":147,"column":0},"end":{"line":147,"column":53}},"147":{"start":{"line":148,"column":0},"end":{"line":148,"column":8}},"148":{"start":{"line":149,"column":0},"end":{"line":149,"column":16}},"149":{"start":{"line":150,"column":0},"end":{"line":150,"column":14}},"150":{"start":{"line":151,"column":0},"end":{"line":151,"column":6}},"151":{"start":{"line":152,"column":0},"end":{"line":152,"column":3}},"153":{"start":{"line":154,"column":0},"end":{"line":154,"column":48}},"154":{"start":{"line":155,"column":0},"end":{"line":155,"column":44}},"155":{"start":{"line":156,"column":0},"end":{"line":156,"column":36}},"156":{"start":{"line":157,"column":0},"end":{"line":157,"column":19}},"157":{"start":{"line":158,"column":0},"end":{"line":158,"column":38}},"158":{"start":{"line":159,"column":0},"end":{"line":159,"column":22}},"159":{"start":{"line":160,"column":0},"end":{"line":160,"column":24}},"161":{"start":{"line":162,"column":0},"end":{"line":162,"column":12}},"162":{"start":{"line":163,"column":0},"end":{"line":163,"column":26}},"163":{"start":{"line":164,"column":0},"end":{"line":164,"column":13}},"164":{"start":{"line":165,"column":0},"end":{"line":165,"column":28}},"165":{"start":{"line":166,"column":0},"end":{"line":166,"column":52}},"166":{"start":{"line":167,"column":0},"end":{"line":167,"column":23}},"167":{"start":{"line":168,"column":0},"end":{"line":168,"column":76}},"168":{"start":{"line":169,"column":0},"end":{"line":169,"column":6}},"169":{"start":{"line":170,"column":0},"end":{"line":170,"column":3}},"171":{"start":{"line":172,"column":0},"end":{"line":172,"column":45}},"172":{"start":{"line":173,"column":0},"end":{"line":173,"column":43}},"173":{"start":{"line":174,"column":0},"end":{"line":174,"column":54}},"174":{"start":{"line":175,"column":0},"end":{"line":175,"column":80}},"176":{"start":{"line":177,"column":0},"end":{"line":177,"column":41}},"177":{"start":{"line":178,"column":0},"end":{"line":178,"column":69}},"178":{"start":{"line":179,"column":0},"end":{"line":179,"column":6}},"179":{"start":{"line":180,"column":0},"end":{"line":180,"column":3}},"180":{"start":{"line":181,"column":0},"end":{"line":181,"column":1}}},"s":{"0":1,"16":1,"45":1,"46":9,"47":9,"48":9,"49":9,"50":9,"51":9,"53":9,"54":9,"55":9,"56":9,"57":9,"60":9,"61":4,"62":0,"63":0,"65":4,"66":0,"67":0,"68":0,"69":0,"70":0,"72":4,"73":4,"75":9,"76":4,"77":4,"79":4,"80":4,"81":4,"82":4,"83":4,"84":4,"85":4,"86":4,"88":4,"89":4,"91":4,"93":4,"94":4,"95":4,"97":4,"98":3,"99":3,"101":4,"102":4,"103":4,"104":4,"105":4,"107":4,"108":1,"109":1,"110":1,"111":1,"112":1,"113":1,"114":1,"115":1,"116":1,"117":1,"119":3,"120":3,"122":3,"123":3,"124":3,"126":4,"127":4,"129":4,"130":4,"131":4,"132":4,"133":4,"135":4,"137":4,"138":4,"139":4,"140":4,"141":4,"142":4,"143":4,"144":4,"145":4,"146":4,"147":4,"148":4,"149":4,"150":4,"151":4,"153":9,"154":5,"155":5,"156":2,"157":3,"158":2,"159":1,"161":5,"162":5,"163":5,"164":5,"165":5,"166":5,"167":5,"168":5,"169":5,"171":9,"172":0,"173":0,"174":0,"176":0,"177":0,"178":0,"179":0,"180":9},"branchMap":{"0":{"type":"branch","line":46,"loc":{"start":{"line":46,"column":7},"end":{"line":181,"column":1}},"locations":[{"start":{"line":46,"column":7},"end":{"line":181,"column":1}}]},"1":{"type":"branch","line":54,"loc":{"start":{"line":54,"column":2},"end":{"line":58,"column":3}},"locations":[{"start":{"line":54,"column":2},"end":{"line":58,"column":3}}]},"2":{"type":"branch","line":61,"loc":{"start":{"line":61,"column":10},"end":{"line":74,"column":3}},"locations":[{"start":{"line":61,"column":10},"end":{"line":74,"column":3}}]},"3":{"type":"branch","line":62,"loc":{"start":{"line":62,"column":41},"end":{"line":64,"column":5}},"locations":[{"start":{"line":62,"column":41},"end":{"line":64,"column":5}}]},"4":{"type":"branch","line":66,"loc":{"start":{"line":66,"column":16},"end":{"line":66,"column":65}},"locations":[{"start":{"line":66,"column":16},"end":{"line":66,"column":65}}]},"5":{"type":"branch","line":66,"loc":{"start":{"line":66,"column":65},"end":{"line":71,"column":5}},"locations":[{"start":{"line":66,"column":65},"end":{"line":71,"column":5}}]},"6":{"type":"branch","line":76,"loc":{"start":{"line":76,"column":2},"end":{"line":152,"column":3}},"locations":[{"start":{"line":76,"column":2},"end":{"line":152,"column":3}}]},"7":{"type":"branch","line":89,"loc":{"start":{"line":89,"column":41},"end":{"line":89,"column":77}},"locations":[{"start":{"line":89,"column":41},"end":{"line":89,"column":77}}]},"8":{"type":"branch","line":90,"loc":{"start":{"line":90,"column":43},"end":{"line":90,"column":82}},"locations":[{"start":{"line":90,"column":43},"end":{"line":90,"column":82}}]},"9":{"type":"branch","line":98,"loc":{"start":{"line":98,"column":28},"end":{"line":100,"column":5}},"locations":[{"start":{"line":98,"column":28},"end":{"line":100,"column":5}}]},"10":{"type":"branch","line":108,"loc":{"start":{"line":108,"column":22},"end":{"line":118,"column":5}},"locations":[{"start":{"line":108,"column":22},"end":{"line":118,"column":5}}]},"11":{"type":"branch","line":118,"loc":{"start":{"line":118,"column":4},"end":{"line":127,"column":54}},"locations":[{"start":{"line":118,"column":4},"end":{"line":127,"column":54}}]},"12":{"type":"branch","line":127,"loc":{"start":{"line":127,"column":37},"end":{"line":127,"column":56}},"locations":[{"start":{"line":127,"column":37},"end":{"line":127,"column":56}}]},"13":{"type":"branch","line":128,"loc":{"start":{"line":128,"column":34},"end":{"line":128,"column":62}},"locations":[{"start":{"line":128,"column":34},"end":{"line":128,"column":62}}]},"14":{"type":"branch","line":128,"loc":{"start":{"line":128,"column":41},"end":{"line":128,"column":64}},"locations":[{"start":{"line":128,"column":41},"end":{"line":128,"column":64}}]},"15":{"type":"branch","line":131,"loc":{"start":{"line":131,"column":25},"end":{"line":131,"column":59}},"locations":[{"start":{"line":131,"column":25},"end":{"line":131,"column":59}}]},"16":{"type":"branch","line":131,"loc":{"start":{"line":131,"column":38},"end":{"line":131,"column":61}},"locations":[{"start":{"line":131,"column":38},"end":{"line":131,"column":61}}]},"17":{"type":"branch","line":132,"loc":{"start":{"line":132,"column":26},"end":{"line":132,"column":61}},"locations":[{"start":{"line":132,"column":26},"end":{"line":132,"column":61}}]},"18":{"type":"branch","line":132,"loc":{"start":{"line":132,"column":39},"end":{"line":132,"column":63}},"locations":[{"start":{"line":132,"column":39},"end":{"line":132,"column":63}}]},"19":{"type":"branch","line":136,"loc":{"start":{"line":136,"column":34},"end":{"line":136,"column":57}},"locations":[{"start":{"line":136,"column":34},"end":{"line":136,"column":57}}]},"20":{"type":"branch","line":136,"loc":{"start":{"line":136,"column":46},"end":{"line":136,"column":60}},"locations":[{"start":{"line":136,"column":46},"end":{"line":136,"column":60}}]},"21":{"type":"branch","line":82,"loc":{"start":{"line":82,"column":37},"end":{"line":85,"column":8}},"locations":[{"start":{"line":82,"column":37},"end":{"line":85,"column":8}}]},"22":{"type":"branch","line":130,"loc":{"start":{"line":130,"column":48},"end":{"line":130,"column":69}},"locations":[{"start":{"line":130,"column":48},"end":{"line":130,"column":69}}]},"23":{"type":"branch","line":154,"loc":{"start":{"line":154,"column":2},"end":{"line":170,"column":3}},"locations":[{"start":{"line":154,"column":2},"end":{"line":170,"column":3}}]},"24":{"type":"branch","line":156,"loc":{"start":{"line":156,"column":35},"end":{"line":157,"column":19}},"locations":[{"start":{"line":156,"column":35},"end":{"line":157,"column":19}}]},"25":{"type":"branch","line":157,"loc":{"start":{"line":157,"column":10},"end":{"line":160,"column":24}},"locations":[{"start":{"line":157,"column":10},"end":{"line":160,"column":24}}]},"26":{"type":"branch","line":158,"loc":{"start":{"line":158,"column":37},"end":{"line":159,"column":22}},"locations":[{"start":{"line":158,"column":37},"end":{"line":159,"column":22}}]},"27":{"type":"branch","line":159,"loc":{"start":{"line":159,"column":12},"end":{"line":160,"column":24}},"locations":[{"start":{"line":159,"column":12},"end":{"line":160,"column":24}}]},"28":{"type":"branch","line":168,"loc":{"start":{"line":168,"column":28},"end":{"line":168,"column":74}},"locations":[{"start":{"line":168,"column":28},"end":{"line":168,"column":74}}]},"29":{"type":"branch","line":168,"loc":{"start":{"line":168,"column":59},"end":{"line":168,"column":76}},"locations":[{"start":{"line":168,"column":59},"end":{"line":168,"column":76}}]}},"b":{"0":[9],"1":[9],"2":[4],"3":[0],"4":[0],"5":[0],"6":[4],"7":[0],"8":[0],"9":[3],"10":[1],"11":[3],"12":[0],"13":[3],"14":[0],"15":[3],"16":[0],"17":[3],"18":[0],"19":[3],"20":[0],"21":[4],"22":[3],"23":[5],"24":[2],"25":[3],"26":[2],"27":[1],"28":[1],"29":[4]},"fnMap":{"0":{"name":"<instance_members_initializer>","decl":{"start":{"line":46,"column":7},"end":{"line":181,"column":1}},"loc":{"start":{"line":46,"column":7},"end":{"line":181,"column":1}},"line":46},"1":{"name":"CustomProvider","decl":{"start":{"line":54,"column":2},"end":{"line":58,"column":3}},"loc":{"start":{"line":54,"column":2},"end":{"line":58,"column":3}},"line":54},"2":{"name":"resolveModel","decl":{"start":{"line":61,"column":10},"end":{"line":74,"column":3}},"loc":{"start":{"line":61,"column":10},"end":{"line":74,"column":3}},"line":61},"3":{"name":"send","decl":{"start":{"line":76,"column":2},"end":{"line":152,"column":3}},"loc":{"start":{"line":76,"column":2},"end":{"line":152,"column":3}},"line":76},"4":{"name":"healthCheck","decl":{"start":{"line":154,"column":2},"end":{"line":170,"column":3}},"loc":{"start":{"line":154,"column":2},"end":{"line":170,"column":3}},"line":154},"5":{"name":"canHandle","decl":{"start":{"line":172,"column":2},"end":{"line":180,"column":3}},"loc":{"start":{"line":172,"column":2},"end":{"line":180,"column":3}},"line":172}},"f":{"0":9,"1":9,"2":4,"3":4,"4":5,"5":0}}
,"/home/user/.reson/agents/ad58c959-5da4-4069-b564-8a415b1b6ae4/volt-os/packages/model-router/src/providers/openai.ts": {"path":"/home/user/.reson/agents/ad58c959-5da4-4069-b564-8a415b1b6ae4/volt-os/packages/model-router/src/providers/openai.ts","all":false,"statementMap":{"0":{"start":{"line":1,"column":0},"end":{"line":1,"column":3}},"16":{"start":{"line":17,"column":0},"end":{"line":17,"column":61}},"52":{"start":{"line":53,"column":0},"end":{"line":53,"column":55}},"53":{"start":{"line":54,"column":0},"end":{"line":54,"column":22}},"54":{"start":{"line":55,"column":0},"end":{"line":55,"column":46}},"55":{"start":{"line":56,"column":0},"end":{"line":56,"column":47}},"56":{"start":{"line":57,"column":0},"end":{"line":57,"column":34}},"57":{"start":{"line":58,"column":0},"end":{"line":58,"column":29}},"58":{"start":{"line":59,"column":0},"end":{"line":59,"column":27}},"60":{"start":{"line":61,"column":0},"end":{"line":61,"column":44}},"61":{"start":{"line":62,"column":0},"end":{"line":62,"column":25}},"62":{"start":{"line":63,"column":0},"end":{"line":63,"column":24}},"63":{"start":{"line":64,"column":0},"end":{"line":64,"column":3}},"66":{"start":{"line":67,"column":0},"end":{"line":67,"column":55}},"67":{"start":{"line":68,"column":0},"end":{"line":68,"column":42}},"68":{"start":{"line":69,"column":0},"end":{"line":69,"column":70}},"69":{"start":{"line":70,"column":0},"end":{"line":70,"column":5}},"72":{"start":{"line":73,"column":0},"end":{"line":73,"column":66}},"73":{"start":{"line":74,"column":0},"end":{"line":74,"column":50}},"74":{"start":{"line":75,"column":0},"end":{"line":75,"column":71}},"75":{"start":{"line":76,"column":0},"end":{"line":76,"column":8}},"76":{"start":{"line":77,"column":0},"end":{"line":77,"column":33}},"77":{"start":{"line":78,"column":0},"end":{"line":78,"column":5}},"80":{"start":{"line":81,"column":0},"end":{"line":81,"column":36}},"81":{"start":{"line":82,"column":0},"end":{"line":82,"column":3}},"84":{"start":{"line":85,"column":0},"end":{"line":85,"column":25}},"85":{"start":{"line":86,"column":0},"end":{"line":86,"column":26}},"86":{"start":{"line":87,"column":0},"end":{"line":87,"column":26}},"87":{"start":{"line":88,"column":0},"end":{"line":88,"column":79}},"88":{"start":{"line":89,"column":0},"end":{"line":89,"column":3}},"90":{"start":{"line":91,"column":0},"end":{"line":91,"column":61}},"91":{"start":{"line":92,"column":0},"end":{"line":92,"column":45}},"92":{"start":{"line":93,"column":0},"end":{"line":93,"column":71}},"94":{"start":{"line":95,"column":0},"end":{"line":95,"column":34}},"95":{"start":{"line":96,"column":0},"end":{"line":96,"column":12}},"96":{"start":{"line":97,"column":0},"end":{"line":97,"column":45}},"97":{"start":{"line":98,"column":0},"end":{"line":98,"column":20}},"98":{"start":{"line":99,"column":0},"end":{"line":99,"column":6}},"100":{"start":{"line":101,"column":0},"end":{"line":101,"column":77}},"101":{"start":{"line":102,"column":0},"end":{"line":102,"column":82}},"103":{"start":{"line":104,"column":0},"end":{"line":104,"column":36}},"105":{"start":{"line":106,"column":0},"end":{"line":106,"column":65}},"106":{"start":{"line":107,"column":0},"end":{"line":107,"column":21}},"107":{"start":{"line":108,"column":0},"end":{"line":108,"column":16}},"108":{"start":{"line":109,"column":0},"end":{"line":109,"column":43}},"109":{"start":{"line":110,"column":0},"end":{"line":110,"column":60}},"110":{"start":{"line":111,"column":0},"end":{"line":111,"column":8}},"111":{"start":{"line":112,"column":0},"end":{"line":112,"column":33}},"112":{"start":{"line":113,"column":0},"end":{"line":113,"column":7}},"114":{"start":{"line":115,"column":0},"end":{"line":115,"column":23}},"115":{"start":{"line":116,"column":0},"end":{"line":116,"column":33}},"116":{"start":{"line":117,"column":0},"end":{"line":117,"column":46}},"117":{"start":{"line":118,"column":0},"end":{"line":118,"column":19}},"118":{"start":{"line":119,"column":0},"end":{"line":119,"column":74}},"119":{"start":{"line":120,"column":0},"end":{"line":120,"column":27}},"120":{"start":{"line":121,"column":0},"end":{"line":121,"column":8}},"121":{"start":{"line":122,"column":0},"end":{"line":122,"column":22}},"122":{"start":{"line":123,"column":0},"end":{"line":123,"column":60}},"123":{"start":{"line":124,"column":0},"end":{"line":124,"column":8}},"124":{"start":{"line":125,"column":0},"end":{"line":125,"column":5}},"126":{"start":{"line":127,"column":0},"end":{"line":127,"column":81}},"127":{"start":{"line":128,"column":0},"end":{"line":128,"column":48}},"129":{"start":{"line":130,"column":0},"end":{"line":130,"column":33}},"130":{"start":{"line":131,"column":0},"end":{"line":131,"column":37}},"131":{"start":{"line":132,"column":0},"end":{"line":132,"column":24}},"133":{"start":{"line":134,"column":0},"end":{"line":134,"column":56}},"134":{"start":{"line":135,"column":0},"end":{"line":135,"column":64}},"137":{"start":{"line":138,"column":0},"end":{"line":138,"column":71}},"138":{"start":{"line":139,"column":0},"end":{"line":139,"column":61}},"139":{"start":{"line":140,"column":0},"end":{"line":140,"column":63}},"140":{"start":{"line":141,"column":0},"end":{"line":141,"column":19}},"141":{"start":{"line":142,"column":0},"end":{"line":142,"column":69}},"143":{"start":{"line":144,"column":0},"end":{"line":144,"column":60}},"145":{"start":{"line":146,"column":0},"end":{"line":146,"column":12}},"146":{"start":{"line":147,"column":0},"end":{"line":147,"column":23}},"147":{"start":{"line":148,"column":0},"end":{"line":148,"column":28}},"148":{"start":{"line":149,"column":0},"end":{"line":149,"column":14}},"149":{"start":{"line":150,"column":0},"end":{"line":150,"column":24}},"150":{"start":{"line":151,"column":0},"end":{"line":151,"column":24}},"151":{"start":{"line":152,"column":0},"end":{"line":152,"column":14}},"152":{"start":{"line":153,"column":0},"end":{"line":153,"column":21}},"153":{"start":{"line":154,"column":0},"end":{"line":154,"column":25}},"154":{"start":{"line":155,"column":0},"end":{"line":155,"column":53}},"155":{"start":{"line":156,"column":0},"end":{"line":156,"column":8}},"156":{"start":{"line":157,"column":0},"end":{"line":157,"column":16}},"157":{"start":{"line":158,"column":0},"end":{"line":158,"column":14}},"158":{"start":{"line":159,"column":0},"end":{"line":159,"column":6}},"159":{"start":{"line":160,"column":0},"end":{"line":160,"column":3}},"161":{"start":{"line":162,"column":0},"end":{"line":162,"column":48}},"162":{"start":{"line":163,"column":0},"end":{"line":163,"column":44}},"163":{"start":{"line":164,"column":0},"end":{"line":164,"column":36}},"164":{"start":{"line":165,"column":0},"end":{"line":165,"column":19}},"165":{"start":{"line":166,"column":0},"end":{"line":166,"column":38}},"166":{"start":{"line":167,"column":0},"end":{"line":167,"column":22}},"167":{"start":{"line":168,"column":0},"end":{"line":168,"column":24}},"169":{"start":{"line":170,"column":0},"end":{"line":170,"column":12}},"170":{"start":{"line":171,"column":0},"end":{"line":171,"column":26}},"171":{"start":{"line":172,"column":0},"end":{"line":172,"column":13}},"172":{"start":{"line":173,"column":0},"end":{"line":173,"column":28}},"173":{"start":{"line":174,"column":0},"end":{"line":174,"column":52}},"174":{"start":{"line":175,"column":0},"end":{"line":175,"column":23}},"175":{"start":{"line":176,"column":0},"end":{"line":176,"column":76}},"176":{"start":{"line":177,"column":0},"end":{"line":177,"column":6}},"177":{"start":{"line":178,"column":0},"end":{"line":178,"column":3}},"179":{"start":{"line":180,"column":0},"end":{"line":180,"column":45}},"180":{"start":{"line":181,"column":0},"end":{"line":181,"column":43}},"181":{"start":{"line":182,"column":0},"end":{"line":182,"column":54}},"182":{"start":{"line":183,"column":0},"end":{"line":183,"column":80}},"184":{"start":{"line":185,"column":0},"end":{"line":185,"column":41}},"185":{"start":{"line":186,"column":0},"end":{"line":186,"column":69}},"186":{"start":{"line":187,"column":0},"end":{"line":187,"column":6}},"187":{"start":{"line":188,"column":0},"end":{"line":188,"column":3}},"188":{"start":{"line":189,"column":0},"end":{"line":189,"column":1}}},"s":{"0":1,"16":1,"52":1,"53":11,"54":11,"55":11,"56":11,"57":11,"58":11,"60":11,"61":11,"62":11,"63":11,"66":11,"67":5,"68":0,"69":0,"72":5,"73":1,"74":1,"75":1,"76":1,"77":1,"80":4,"81":5,"84":11,"85":5,"86":5,"87":5,"88":5,"90":11,"91":5,"92":5,"94":5,"95":5,"96":5,"97":5,"98":5,"100":5,"101":5,"103":5,"105":5,"106":5,"107":5,"108":5,"109":5,"110":5,"111":5,"112":5,"114":5,"115":1,"116":1,"117":1,"118":1,"119":1,"120":1,"121":1,"122":1,"123":1,"124":1,"126":4,"127":4,"129":4,"130":4,"131":4,"133":5,"134":5,"137":5,"138":5,"139":5,"140":5,"141":5,"143":5,"145":5,"146":5,"147":5,"148":5,"149":5,"150":5,"151":5,"152":5,"153":5,"154":5,"155":5,"156":5,"157":5,"158":5,"159":5,"161":11,"162":6,"163":6,"164":3,"165":3,"166":2,"167":1,"169":6,"170":6,"171":6,"172":6,"173":6,"174":6,"175":6,"176":6,"177":6,"179":11,"180":0,"181":0,"182":0,"184":0,"185":0,"186":0,"187":0,"188":11},"branchMap":{"0":{"type":"branch","line":53,"loc":{"start":{"line":53,"column":7},"end":{"line":189,"column":1}},"locations":[{"start":{"line":53,"column":7},"end":{"line":189,"column":1}}]},"1":{"type":"branch","line":61,"loc":{"start":{"line":61,"column":2},"end":{"line":64,"column":3}},"locations":[{"start":{"line":61,"column":2},"end":{"line":64,"column":3}}]},"2":{"type":"branch","line":67,"loc":{"start":{"line":67,"column":10},"end":{"line":82,"column":3}},"locations":[{"start":{"line":67,"column":10},"end":{"line":82,"column":3}}]},"3":{"type":"branch","line":68,"loc":{"start":{"line":68,"column":41},"end":{"line":70,"column":5}},"locations":[{"start":{"line":68,"column":41},"end":{"line":70,"column":5}}]},"4":{"type":"branch","line":73,"loc":{"start":{"line":73,"column":16},"end":{"line":73,"column":65}},"locations":[{"start":{"line":73,"column":16},"end":{"line":73,"column":65}}]},"5":{"type":"branch","line":73,"loc":{"start":{"line":73,"column":65},"end":{"line":78,"column":5}},"locations":[{"start":{"line":73,"column":65},"end":{"line":78,"column":5}}]},"6":{"type":"branch","line":78,"loc":{"start":{"line":78,"column":4},"end":{"line":81,"column":36}},"locations":[{"start":{"line":78,"column":4},"end":{"line":81,"column":36}}]},"7":{"type":"branch","line":74,"loc":{"start":{"line":74,"column":44},"end":{"line":75,"column":71}},"locations":[{"start":{"line":74,"column":44},"end":{"line":75,"column":71}}]},"8":{"type":"branch","line":75,"loc":{"start":{"line":75,"column":36},"end":{"line":75,"column":69}},"locations":[{"start":{"line":75,"column":36},"end":{"line":75,"column":69}}]},"9":{"type":"branch","line":85,"loc":{"start":{"line":85,"column":10},"end":{"line":89,"column":3}},"locations":[{"start":{"line":85,"column":10},"end":{"line":89,"column":3}}]},"10":{"type":"branch","line":88,"loc":{"start":{"line":88,"column":32},"end":{"line":88,"column":77}},"locations":[{"start":{"line":88,"column":32},"end":{"line":88,"column":77}}]},"11":{"type":"branch","line":91,"loc":{"start":{"line":91,"column":2},"end":{"line":160,"column":3}},"locations":[{"start":{"line":91,"column":2},"end":{"line":160,"column":3}}]},"12":{"type":"branch","line":101,"loc":{"start":{"line":101,"column":41},"end":{"line":101,"column":77}},"locations":[{"start":{"line":101,"column":41},"end":{"line":101,"column":77}}]},"13":{"type":"branch","line":102,"loc":{"start":{"line":102,"column":43},"end":{"line":102,"column":82}},"locations":[{"start":{"line":102,"column":43},"end":{"line":102,"column":82}}]},"14":{"type":"branch","line":110,"loc":{"start":{"line":110,"column":45},"end":{"line":110,"column":57}},"locations":[{"start":{"line":110,"column":45},"end":{"line":110,"column":57}}]},"15":{"type":"branch","line":115,"loc":{"start":{"line":115,"column":22},"end":{"line":125,"column":5}},"locations":[{"start":{"line":115,"column":22},"end":{"line":125,"column":5}}]},"16":{"type":"branch","line":125,"loc":{"start":{"line":125,"column":4},"end":{"line":134,"column":54}},"locations":[{"start":{"line":125,"column":4},"end":{"line":134,"column":54}}]},"17":{"type":"branch","line":134,"loc":{"start":{"line":134,"column":37},"end":{"line":134,"column":56}},"locations":[{"start":{"line":134,"column":37},"end":{"line":134,"column":56}}]},"18":{"type":"branch","line":135,"loc":{"start":{"line":135,"column":34},"end":{"line":135,"column":62}},"locations":[{"start":{"line":135,"column":34},"end":{"line":135,"column":62}}]},"19":{"type":"branch","line":135,"loc":{"start":{"line":135,"column":41},"end":{"line":135,"column":64}},"locations":[{"start":{"line":135,"column":41},"end":{"line":135,"column":64}}]},"20":{"type":"branch","line":139,"loc":{"start":{"line":139,"column":25},"end":{"line":139,"column":59}},"locations":[{"start":{"line":139,"column":25},"end":{"line":139,"column":59}}]},"21":{"type":"branch","line":139,"loc":{"start":{"line":139,"column":38},"end":{"line":139,"column":61}},"locations":[{"start":{"line":139,"column":38},"end":{"line":139,"column":61}}]},"22":{"type":"branch","line":140,"loc":{"start":{"line":140,"column":26},"end":{"line":140,"column":61}},"locations":[{"start":{"line":140,"column":26},"end":{"line":140,"column":61}}]},"23":{"type":"branch","line":140,"loc":{"start":{"line":140,"column":39},"end":{"line":140,"column":63}},"locations":[{"start":{"line":140,"column":39},"end":{"line":140,"column":63}}]},"24":{"type":"branch","line":144,"loc":{"start":{"line":144,"column":34},"end":{"line":144,"column":57}},"locations":[{"start":{"line":144,"column":34},"end":{"line":144,"column":57}}]},"25":{"type":"branch","line":144,"loc":{"start":{"line":144,"column":46},"end":{"line":144,"column":60}},"locations":[{"start":{"line":144,"column":46},"end":{"line":144,"column":60}}]},"26":{"type":"branch","line":138,"loc":{"start":{"line":138,"column":48},"end":{"line":138,"column":69}},"locations":[{"start":{"line":138,"column":48},"end":{"line":138,"column":69}}]},"27":{"type":"branch","line":162,"loc":{"start":{"line":162,"column":2},"end":{"line":178,"column":3}},"locations":[{"start":{"line":162,"column":2},"end":{"line":178,"column":3}}]},"28":{"type":"branch","line":164,"loc":{"start":{"line":164,"column":35},"end":{"line":165,"column":19}},"locations":[{"start":{"line":164,"column":35},"end":{"line":165,"column":19}}]},"29":{"type":"branch","line":165,"loc":{"start":{"line":165,"column":10},"end":{"line":168,"column":24}},"locations":[{"start":{"line":165,"column":10},"end":{"line":168,"column":24}}]},"30":{"type":"branch","line":166,"loc":{"start":{"line":166,"column":37},"end":{"line":167,"column":22}},"locations":[{"start":{"line":166,"column":37},"end":{"line":167,"column":22}}]},"31":{"type":"branch","line":167,"loc":{"start":{"line":167,"column":12},"end":{"line":168,"column":24}},"locations":[{"start":{"line":167,"column":12},"end":{"line":168,"column":24}}]},"32":{"type":"branch","line":176,"loc":{"start":{"line":176,"column":28},"end":{"line":176,"column":74}},"locations":[{"start":{"line":176,"column":28},"end":{"line":176,"column":74}}]},"33":{"type":"branch","line":176,"loc":{"start":{"line":176,"column":59},"end":{"line":176,"column":76}},"locations":[{"start":{"line":176,"column":59},"end":{"line":176,"column":76}}]}},"b":{"0":[11],"1":[11],"2":[5],"3":[0],"4":[1],"5":[1],"6":[4],"7":[1],"8":[1],"9":[5],"10":[5],"11":[5],"12":[1],"13":[1],"14":[0],"15":[1],"16":[4],"17":[0],"18":[4],"19":[0],"20":[4],"21":[0],"22":[4],"23":[0],"24":[4],"25":[0],"26":[4],"27":[6],"28":[3],"29":[3],"30":[2],"31":[1],"32":[1],"33":[5]},"fnMap":{"0":{"name":"<instance_members_initializer>","decl":{"start":{"line":53,"column":7},"end":{"line":189,"column":1}},"loc":{"start":{"line":53,"column":7},"end":{"line":189,"column":1}},"line":53},"1":{"name":"OpenAIProvider","decl":{"start":{"line":61,"column":2},"end":{"line":64,"column":3}},"loc":{"start":{"line":61,"column":2},"end":{"line":64,"column":3}},"line":61},"2":{"name":"resolveModel","decl":{"start":{"line":67,"column":10},"end":{"line":82,"column":3}},"loc":{"start":{"line":67,"column":10},"end":{"line":82,"column":3}},"line":67},"3":{"name":"formatMessages","decl":{"start":{"line":85,"column":10},"end":{"line":89,"column":3}},"loc":{"start":{"line":85,"column":10},"end":{"line":89,"column":3}},"line":85},"4":{"name":"send","decl":{"start":{"line":91,"column":2},"end":{"line":160,"column":3}},"loc":{"start":{"line":91,"column":2},"end":{"line":160,"column":3}},"line":91},"5":{"name":"healthCheck","decl":{"start":{"line":162,"column":2},"end":{"line":178,"column":3}},"loc":{"start":{"line":162,"column":2},"end":{"line":178,"column":3}},"line":162},"6":{"name":"canHandle","decl":{"start":{"line":180,"column":2},"end":{"line":188,"column":3}},"loc":{"start":{"line":180,"column":2},"end":{"line":18
[...]
":38,"29":40,"30":40,"31":40,"32":40,"33":40,"35":35,"36":35,"37":35,"38":35,"39":35,"41":35,"42":35,"43":35,"44":35,"45":35,"46":35,"48":35,"49":35,"50":35,"51":35,"52":35,"53":35,"54":35,"57":35,"58":40,"64":38,"65":35,"66":35,"67":35,"68":35,"69":35,"70":35,"73":0,"74":0,"76":0,"77":0,"78":0,"80":0,"83":0,"84":0,"85":0,"86":0,"87":0,"88":0,"89":0,"91":0,"92":35,"98":38,"99":35,"100":35,"101":35,"102":35,"103":35,"106":0,"107":0,"109":0,"110":0,"111":0,"112":0,"113":0,"115":0,"116":0,"118":0,"119":0,"122":0,"123":0,"124":35,"129":38,"130":41,"133":18,"134":18,"136":18,"137":18,"138":18,"139":18,"141":18,"142":41,"147":38,"148":41,"149":41,"150":38,"151":41,"152":1,"153":41,"154":2,"155":41,"156":0,"157":41,"158":41,"163":38,"164":35,"165":35,"166":35,"167":35,"168":35,"171":0,"174":0,"175":0,"176":0,"177":35,"184":38,"185":70,"186":70,"191":70,"192":70,"193":38,"198":1,"199":6,"211":6,"212":6,"223":6,"224":6,"225":6,"226":6,"227":6,"232":6,"233":6,"234":6,"235":6,"236":6,"238":0,"239":0,"241":0,"242":0,"243":0,"245":0,"247":0,"248":0,"249":0,"250":0,"251":0,"252":0,"253":0,"255":0,"256":6,"258":6,"259":6,"260":6,"262":6,"263":6,"265":6,"266":6,"267":6,"268":6,"269":6,"271":6,"272":6,"274":6,"275":6,"277":0,"278":6,"280":6,"281":6,"282":6,"283":6,"284":6,"285":6,"287":6,"289":4,"290":4,"291":6,"296":6,"297":8,"298":8,"299":8,"300":8,"301":8,"302":8,"304":7,"305":7,"306":7,"307":1,"308":1,"309":1,"310":1,"312":8,"314":6,"315":6,"316":6,"317":6,"318":6,"320":6,"321":6,"322":6,"323":6,"324":6,"325":6,"327":6,"328":6,"329":6,"330":6,"331":6,"332":6,"333":6,"335":6,"336":8,"337":6},"branchMap":{"0":{"type":"branch","line":18,"loc":{"start":{"line":18,"column":7},"end":{"line":194,"column":1}},"locations":[{"start":{"line":18,"column":7},"end":{"line":194,"column":1}}]},"1":{"type":"branch","line":21,"loc":{"start":{"line":21,"column":2},"end":{"line":23,"column":3}},"locations":[{"start":{"line":21,"column":2},"end":{"line":23,"column":3}}]},"2":{"type":"branch","line":29,"loc":{"start":{"line":29,"column":2},"end":{"line":59,"column":3}},"locations":[{"start":{"line":29,"column":2},"end":{"line":59,"column":3}}]},"3":{"type":"branch","line":34,"loc":{"start":{"line":34,"column":38},"end":{"line":34,"column":47}},"locations":[{"start":{"line":34,"column":38},"end":{"line":34,"column":47}}]},"4":{"type":"branch","line":34,"loc":{"start":{"line":34,"column":45},"end":{"line":58,"column":43}},"locations":[{"start":{"line":34,"column":45},"end":{"line":58,"column":43}}]},"5":{"type":"branch","line":65,"loc":{"start":{"line":65,"column":10},"end":{"line":93,"column":3}},"locations":[{"start":{"line":65,"column":10},"end":{"line":93,"column":3}}]},"6":{"type":"branch","line":69,"loc":{"start":{"line":69,"column":17},"end":{"line":69,"column":68}},"locations":[{"start":{"line":69,"column":17},"end":{"line":69,"column":68}}]},"7":{"type":"branch","line":71,"loc":{"start":{"line":71,"column":4},"end":{"line":92,"column":27}},"locations":[{"start":{"line":71,"column":4},"end":{"line":92,"column":27}}]},"8":{"type":"branch","line":99,"loc":{"start":{"line":99,"column":10},"end":{"line":125,"column":3}},"locations":[{"start":{"line":99,"column":10},"end":{"line":125,"column":3}}]},"9":{"type":"branch","line":104,"loc":{"start":{"line":104,"column":9},"end":{"line":104,"column":47}},"locations":[{"start":{"line":104,"column":9},"end":{"line":104,"column":47}}]},"10":{"type":"branch","line":104,"loc":{"start":{"line":104,"column":54},"end":{"line":124,"column":28}},"locations":[{"start":{"line":104,"column":54},"end":{"line":124,"column":28}}]},"11":{"type":"branch","line":130,"loc":{"start":{"line":130,"column":10},"end":{"line":143,"column":3}},"locations":[{"start":{"line":130,"column":10},"end":{"line":143,"column":3}}]},"12":{"type":"branch","line":131,"loc":{"start":{"line":131,"column":39},"end":{"line":131,"column":77}},"locations":[{"start":{"line":131,"column":39},"end":{"line":131,"column":77}}]},"13":{"type":"branch","line":131,"loc":{"start":{"line":131,"column":46},"end":{"line":142,"column":56}},"locations":[{"start":{"line":131,"column":46},"end":{"line":142,"column":56}}]},"14":{"type":"branch","line":148,"loc":{"start":{"line":148,"column":10},"end":{"line":159,"column":3}},"locations":[{"start":{"line":148,"column":10},"end":{"line":159,"column":3}}]},"15":{"type":"branch","line":150,"loc":{"start":{"line":150,"column":6},"end":{"line":151,"column":19}},"locations":[{"start":{"line":150,"column":6},"end":{"line":151,"column":19}}]},"16":{"type":"branch","line":152,"loc":{"start":{"line":152,"column":6},"end":{"line":153,"column":18}},"locations":[{"start":{"line":152,"column":6},"end":{"line":153,"column":18}}]},"17":{"type":"branch","line":154,"loc":{"start":{"line":154,"column":6},"end":{"line":155,"column":17}},"locations":[{"start":{"line":154,"column":6},"end":{"line":155,"column":17}}]},"18":{"type":"branch","line":156,"loc":{"start":{"line":156,"column":6},"end":{"line":157,"column":17}},"locations":[{"start":{"line":156,"column":6},"end":{"line":157,"column":17}}]},"19":{"type":"branch","line":164,"loc":{"start":{"line":164,"column":10},"end":{"line":178,"column":3}},"locations":[{"start":{"line":164,"column":10},"end":{"line":178,"column":3}}]},"20":{"type":"branch","line":169,"loc":{"start":{"line":169,"column":24},"end":{"line":177,"column":56}},"locations":[{"start":{"line":169,"column":24},"end":{"line":177,"column":56}}]},"21":{"type":"branch","line":185,"loc":{"start":{"line":185,"column":10},"end":{"line":193,"column":3}},"locations":[{"start":{"line":185,"column":10},"end":{"line":193,"column":3}}]},"22":{"type":"branch","line":199,"loc":{"start":{"line":199,"column":7},"end":{"line":338,"column":1}},"locations":[{"start":{"line":199,"column":7},"end":{"line":338,"column":1}}]},"23":{"type":"branch","line":212,"loc":{"start":{"line":212,"column":2},"end":{"line":228,"column":3}},"locations":[{"start":{"line":212,"column":2},"end":{"line":228,"column":3}}]},"24":{"type":"branch","line":233,"loc":{"start":{"line":233,"column":10},"end":{"line":257,"column":3}},"locations":[{"start":{"line":233,"column":10},"end":{"line":257,"column":3}}]},"25":{"type":"branch","line":237,"loc":{"start":{"line":237,"column":17},"end":{"line":237,"column":68}},"locations":[{"start":{"line":237,"column":17},"end":{"line":237,"column":68}}]},"26":{"type":"branch","line":237,"loc":{"start":{"line":237,"column":75},"end":{"line":256,"column":30}},"locations":[{"start":{"line":237,"column":75},"end":{"line":256,"column":30}}]},"27":{"type":"branch","line":259,"loc":{"start":{"line":259,"column":10},"end":{"line":279,"column":3}},"locations":[{"start":{"line":259,"column":10},"end":{"line":279,"column":3}}]},"28":{"type":"branch","line":261,"loc":{"start":{"line":261,"column":47},"end":{"line":261,"column":56}},"locations":[{"start":{"line":261,"column":47},"end":{"line":261,"column":56}}]},"29":{"type":"branch","line":275,"loc":{"start":{"line":275,"column":23},"end":{"line":275,"column":34}},"locations":[{"start":{"line":275,"column":23},"end":{"line":275,"column":34}}]},"30":{"type":"branch","line":276,"loc":{"start":{"line":276,"column":36},"end":{"line":278,"column":52}},"locations":[{"start":{"line":276,"column":36},"end":{"line":278,"column":52}}]},"31":{"type":"branch","line":267,"loc":{"start":{"line":267,"column":6},"end":{"line":269,"column":47}},"locations":[{"start":{"line":267,"column":6},"end":{"line":269,"column":47}}]},"32":{"type":"branch","line":281,"loc":{"start":{"line":281,"column":10},"end":{"line":292,"column":3}},"locations":[{"start":{"line":281,"column":10},"end":{"line":292,"column":3}}]},"33":{"type":"branch","line":286,"loc":{"start":{"line":286,"column":17},"end":{"line":286,"column":26}},"locations":[{"start":{"line":286,"column":17},"end":{"line":286,"column":26}}]},"34":{"type":"branch","line":288,"loc":{"start":{"line":288,"column":50},"end":{"line":288,"column":61}},"locations":[{"start":{"line":288,"column":50},"end":{"line":288,"column":61}}]},"35":{"type":"branch","line":288,"loc":{"start":{"line":288,"column":57},"end":{"line":291,"column":56}},"locations":[{"start":{"line":288,"column":57},"end":{"line":291,"column":56}}]},"36":{"type":"branch","line":297,"loc":{"start":{"line":297,"column":2},"end":{"line":337,"column":3}},"locations":[{"start":{"line":297,"column":2},"end":{"line":337,"column":3}}]},"37":{"type":"branch","line":303,"loc":{"start":{"line":303,"column":20},"end":{"line":303,"column":29}},"locations":[{"start":{"line":303,"column":20},"end":{"line":303,"column":29}}]},"38":{"type":"branch","line":303,"loc":{"start":{"line":303,"column":27},"end":{"line":307,"column":30}},"locations":[{"start":{"line":303,"column":27},"end":{"line":307,"column":30}}]},"39":{"type":"branch","line":307,"loc":{"start":{"line":307,"column":15},"end":{"line":308,"column":42}},"locations":[{"start":{"line":307,"column":15},"end":{"line":308,"column":42}}]},"40":{"type":"branch","line":308,"loc":{"start":{"line":308,"column":38},"end":{"line":311,"column":8}},"locations":[{"start":{"line":308,"column":38},"end":{"line":311,"column":8}}]},"41":{"type":"branch","line":313,"loc":{"start":{"line":313,"column":25},"end":{"line":313,"column":34}},"locations":[{"start":{"line":313,"column":25},"end":{"line":313,"column":34}}]},"42":{"type":"branch","line":313,"loc":{"start":{"line":313,"column":32},"end":{"line":336,"column":43}},"locations":[{"start":{"line":313,"column":32},"end":{"line":336,"column":43}}]},"43":{"type":"branch","line":309,"loc":{"start":{"line":309,"column":26},"end":{"line":310,"column":71}},"locations":[{"start":{"line":309,"column":26},"end":{"line":310,"column":71}}]},"44":{"type":"branch","line":310,"loc":{"start":{"line":310,"column":36},"end":{"line":310,"column":69}},"locations":[{"start":{"line":310,"column":36},"end":{"line":310,"column":69}}]}},"b":{"0":[38],"1":[38],"2":[40],"3":[5],"4":[35],"5":[35],"6":[0],"7":[0],"8":[35],"9":[0],"10":[0],"11":[41],"12":[23],"13":[18],"14":[41],"15":[38],"16":[1],"17":[2],"18":[0],"19":[35],"20":[0],"21":[70],"22":[6],"23":[6],"24":[6],"25":[0],"26":[0],"27":[6],"28":[0],"29":[0],"30":[0],"31":[6],"32":[6],"33":[0],"34":[2],"35":[4],"36":[8],"37":[1],"38":[7],"39":[1],"40":[1],"41":[1],"42":[6],"43":[1],"44":[1]},"fnMap":{"0":{"name":"<instance_members_initializer>","decl":{"start":{"line":18,"column":7},"end":{"line":194,"column":1}},"loc":{"start":{"line":18,"column":7},"end":{"line":194,"column":1}},"line":18},"1":{"name":"ProviderScorer","decl":{"start":{"line":21,"column":2},"end":{"line":23,"column":3}},"loc":{"start":{"line":21,"column":2},"end":{"line":23,"column":3}},"line":21},"2":{"name":"score","decl":{"start":{"line":29,"column":2},"end":{"line":59,"column":3}},"loc":{"start":{"line":29,"column":2},"end":{"line":59,"column":3}},"line":29},"3":{"name":"capabilityScore","decl":{"start":{"line":65,"column":10},"end":{"line":93,"column":3}},"loc":{"start":{"line":65,"column":10},"end":{"line":93,"column":3}},"line":65},"4":{"name":"costScore","decl":{"start":{"line":99,"column":10},"end":{"line":125,"column":3}},"loc":{"start":{"line":99,"column":10},"end":{"line":125,"column":3}},"line":99},"5":{"name":"latencyScore","decl":{"start":{"line":130,"column":10},"end":{"line":143,"column":3}},"loc":{"start":{"line":130,"column":10},"end":{"line":143,"column":3}},"line":130},"6":{"name":"healthScore","decl":{"start":{"line":148,"column":10},"end":{"line":159,"column":3}},"loc":{"start":{"line":148,"column":10},"end":{"line":159,"column":3}},"line":148},"7":{"name":"priorityScore","decl":{"start":{"line":164,"column":10},"end":{"line":178,"column":3}},"loc":{"start":{"line":164,"column":10},"end":{"line":178,"column":3}},"line":164},"8":{"name":"getProviderConfig","decl":{"start":{"line":185,"column":10},"end":{"line":193,"column":3}},"loc":{"start":{"line":185,"column":10},"end":{"line":193,"column":3}},"line":185},"9":{"name":"<instance_members_initializer>","decl":{"start":{"line":199,"column":7},"end":{"line":338,"column":1}},"loc":{"start":{"line":199,"column":7},"end":{"line":338,"column":1}},"line":199},"10":{"name":"ConfigurableProviderScorer","decl":{"start":{"line":212,"column":2},"end":{"line":228,"column":3}},"loc":{"start":{"line":212,"column":2},"end":{"line":228,"column":3}},"line":212},"11":{"name":"capabilityScoreWithConfig","decl":{"start":{"line":233,"column":10},"end":{"line":257,"column":3}},"loc":{"start":{"line":233,"column":10},"end":{"line":257,"column":3}},"line":233},"12":{"name":"costScoreWithConfig","decl":{"start":{"line":259,"column":10},"end":{"line":279,"column":3}},"loc":{"start":{"line":259,"column":10},"end":{"line":279,"column":3}},"line":259},"13":{"name":"priorityScoreWithConfig","decl":{"start":{"line":281,"column":10},"end":{"line":292,"column":3}},"loc":{"start":{"line":281,"column":10},"end":{"line":292,"column":3}},"line":281},"14":{"name":"overrideScore","decl":{"start":{"line":297,"column":2},"end":{"line":337,"column":3}},"loc":{"start":{"line":297,"column":2},"end":{"line":337,"column":3}},"line":297}},"f":{"0":38,"1":38,"2":40,"3":35,"4":35,"5":41,"6":41,"7":35,"8":70,"9":6,"10":6,"11":6,"12":6,"13":6,"14":8}}
,"/home/user/.reson/agents/ad58c959-5da4-4069-b564-8a415b1b6ae4/volt-os/packages/model-router/src/streaming/stream.ts": {"path":"/home/user/.reson/agents/ad58c959-5da4-4069-b564-8a415b1b6ae4/volt-os/packages/model-router/src/streaming/stream.ts","all":false,"statementMap":{"0":{"start":{"line":1,"column":0},"end":{"line":1,"column":3}},"9":{"start":{"line":10,"column":0},"end":{"line":10,"column":61}},"11":{"start":{"line":12,"column":0},"end":{"line":12,"column":28}},"20":{"start":{"line":21,"column":0},"end":{"line":21,"column":16}},"21":{"start":{"line":22,"column":0},"end":{"line":22,"column":26}},"22":{"start":{"line":23,"column":0},"end":{"line":23,"column":29}},"23":{"start":{"line":24,"column":0},"end":{"line":24,"column":29}},"27":{"start":{"line":28,"column":0},"end":{"line":28,"column":9}},"28":{"start":{"line":29,"column":0},"end":{"line":29,"column":52}},"31":{"start":{"line":32,"column":0},"end":{"line":32,"column":39}},"32":{"start":{"line":33,"column":0},"end":{"line":33,"column":51}},"34":{"start":{"line":35,"column":0},"end":{"line":35,"column":35}},"35":{"start":{"line":36,"column":0},"end":{"line":36,"column":20}},"36":{"start":{"line":37,"column":0},"end":{"line":37,"column":7}},"37":{"start":{"line":38,"column":0},"end":{"line":38,"column":19}},"38":{"start":{"line":39,"column":0},"end":{"line":39,"column":72}},"39":{"start":{"line":40,"column":0},"end":{"line":40,"column":61}},"40":{"start":{"line":41,"column":0},"end":{"line":41,"column":18}},"41":{"start":{"line":42,"column":0},"end":{"line":42,"column":5}},"42":{"start":{"line":43,"column":0},"end":{"line":43,"column":3}},"47":{"start":{"line":48,"column":0},"end":{"line":48,"column":66}},"48":{"start":{"line":49,"column":0},"end":{"line":49,"column":31}},"49":{"start":{"line":50,"column":0},"end":{"line":50,"column":39}},"50":{"start":{"line":51,"column":0},"end":{"line":51,"column":24}},"51":{"start":{"line":52,"column":0},"end":{"line":52,"column":5}},"52":{"start":{"line":53,"column":0},"end":{"line":53,"column":26}},"53":{"start":{"line":54,"column":0},"end":{"line":54,"column":3}},"59":{"start":{"line":60,"column":0},"end":{"line":60,"column":54}},"60":{"start":{"line":61,"column":0},"end":{"line":61,"column":40}},"63":{"start":{"line":64,"column":0},"end":{"line":64,"column":47}},"64":{"start":{"line":65,"column":0},"end":{"line":65,"column":51}},"66":{"start":{"line":67,"column":0},"end":{"line":67,"column":44}},"67":{"start":{"line":68,"column":0},"end":{"line":68,"column":23}},"68":{"start":{"line":69,"column":0},"end":{"line":69,"column":5}},"71":{"start":{"line":72,"column":0},"end":{"line":72,"column":26}},"72":{"start":{"line":73,"column":0},"end":{"line":73,"column":32}},"73":{"start":{"line":74,"column":0},"end":{"line":74,"column":57}},"74":{"start":{"line":75,"column":0},"end":{"line":75,"column":51}},"75":{"start":{"line":76,"column":0},"end":{"line":76,"column":5}},"76":{"start":{"line":77,"column":0},"end":{"line":77,"column":18}},"77":{"start":{"line":78,"column":0},"end":{"line":78,"column":3}},"78":{"start":{"line":79,"column":0},"end":{"line":79,"column":1}}},"s":{"0":1,"9":1,"11":1,"20":1,"21":5,"22":5,"23":5,"27":5,"28":5,"31":4,"32":4,"34":5,"35":16,"36":16,"37":5,"38":1,"39":1,"40":1,"41":1,"42":5,"47":1,"48":2,"49":2,"50":14,"51":14,"52":2,"53":2,"59":1,"60":4,"63":3,"64":3,"66":4,"67":1,"68":1,"71":2,"72":2,"73":4,"74":14,"75":14,"76":2,"77":4,"78":1},"branchMap":{"0":{"type":"branch","line":21,"loc":{"start":{"line":21,"column":2},"end":{"line":43,"column":3}},"locations":[{"start":{"line":21,"column":2},"end":{"line":43,"column":3}}]},"1":{"type":"branch","line":29,"loc":{"start":{"line":29,"column":50},"end":{"line":35,"column":34}},"locations":[{"start":{"line":29,"column":50},"end":{"line":35,"column":34}}]},"2":{"type":"branch","line":35,"loc":{"start":{"line":35,"column":34},"end":{"line":37,"column":7}},"locations":[{"start":{"line":35,"column":34},"end":{"line":37,"column":7}}]},"3":{"type":"branch","line":37,"loc":{"start":{"line":37,"column":6},"end":{"line":38,"column":13}},"locations":[{"start":{"line":37,"column":6},"end":{"line":38,"column":13}}]},"4":{"type":"branch","line":38,"loc":{"start":{"line":38,"column":4},"end":{"line":42,"column":5}},"locations":[{"start":{"line":38,"column":4},"end":{"line":42,"column":5}}]},"5":{"type":"branch","line":39,"loc":{"start":{"line":39,"column":43},"end":{"line":39,"column":72}},"locations":[{"start":{"line":39,"column":43},"end":{"line":39,"column":72}}]},"6":{"type":"branch","line":48,"loc":{"start":{"line":48,"column":2},"end":{"line":54,"column":3}},"locations":[{"start":{"line":48,"column":2},"end":{"line":54,"column":3}}]},"7":{"type":"branch","line":50,"loc":{"start":{"line":50,"column":38},"end":{"line":52,"column":5}},"locations":[{"start":{"line":50,"column":38},"end":{"line":52,"column":5}}]},"8":{"type":"branch","line":60,"loc":{"start":{"line":60,"column":10},"end":{"line":78,"column":3}},"locations":[{"start":{"line":60,"column":10},"end":{"line":78,"column":3}}]},"9":{"type":"branch","line":61,"loc":{"start":{"line":61,"column":30},"end":{"line":61,"column":40}},"locations":[{"start":{"line":61,"column":30},"end":{"line":61,"column":40}}]},"10":{"type":"branch","line":61,"loc":{"start":{"line":61,"column":38},"end":{"line":67,"column":43}},"locations":[{"start":{"line":61,"column":38},"end":{"line":67,"column":43}}]},"11":{"type":"branch","line":67,"loc":{"start":{"line":67,"column":43},"end":{"line":69,"column":5}},"locations":[{"start":{"line":67,"column":43},"end":{"line":69,"column":5}}]},"12":{"type":"branch","line":69,"loc":{"start":{"line":69,"column":4},"end":{"line":74,"column":56}},"locations":[{"start":{"line":69,"column":4},"end":{"line":74,"column":56}}]},"13":{"type":"branch","line":74,"loc":{"start":{"line":74,"column":56},"end":{"line":76,"column":5}},"locations":[{"start":{"line":74,"column":56},"end":{"line":76,"column":5}}]},"14":{"type":"branch","line":76,"loc":{"start":{"line":76,"column":4},"end":{"line":77,"column":18}},"locations":[{"start":{"line":76,"column":4},"end":{"line":77,"column":18}}]}},"b":{"0":[5],"1":[4],"2":[16],"3":[4],"4":[1],"5":[0],"6":[2],"7":[14],"8":[4],"9":[1],"10":[3],"11":[1],"12":[2],"13":[14],"14":[2]},"fnMap":{"0":{"name":"stream","decl":{"start":{"line":21,"column":2},"end":{"line":43,"column":3}},"loc":{"start":{"line":21,"column":2},"end":{"line":43,"column":3}},"line":21},"1":{"name":"collect","decl":{"start":{"line":48,"column":2},"end":{"line":54,"column":3}},"loc":{"start":{"line":48,"column":2},"end":{"line":54,"column":3}},"line":48},"2":{"name":"splitIntoChunks","decl":{"start":{"line":60,"column":10},"end":{"line":78,"column":3}},"loc":{"start":{"line":60,"column":10},"end":{"line":78,"column":3}},"line":60}},"f":{"0":5,"1":2,"2":4}}
}
